Started GET "/" for 127.0.0.1 at 2020-03-27 09:23:32 -0700
DEPRECATION WARNING: ActiveRecord::Base.raise_in_transactional_callbacks= is deprecated, has no effect and will be removed without replacement. (called from block (3 levels) in <class:Railtie> at /Users/Eyal/.rbenv/versions/2.5.1/lib/ruby/gems/2.5.0/gems/activerecord-5.0.7.2/lib/active_record/railtie.rb:113)
Processing by StaticPagesController#index as HTML
  Rendering static_pages/index.html.erb within layouts/application
  Rendered shared/_main_nav.html.erb (0.3ms)
  Rendered shared/_masthead.html.erb (0.2ms)
  Rendered shared/_sections_nav.html.erb (0.3ms)
  Rendered shared/_search_modal.html.erb (0.2ms)
  Rendered shared/_main_content.html.erb (0.2ms)
  Rendered static_pages/index.html.erb within layouts/application (17.8ms)
Completed 200 OK in 850ms (Views: 847.1ms | ActiveRecord: 0.0ms)


Started GET "/assets/components/dropdown.self-815016af6fab1d5b72abd319213bf62f0c42bab2c585d2e059543ae704a0d74c.js?body=1" for 127.0.0.1 at 2020-03-27 09:23:34 -0700
Started GET "/assets/application.self-04471e7dc799665a5edb4d9012be668b0317fd87d7bd2996bd9b7ac4f5da762c.css?body=1" for 127.0.0.1 at 2020-03-27 09:23:34 -0700
Started GET "/assets/components/modal.self-52188644dbb47def5ee35ae02e69eb567ca9b664472357a8a5789dd39032a265.js?body=1" for 127.0.0.1 at 2020-03-27 09:23:34 -0700
Started GET "/assets/jquery.self-bd7ddd393353a8d2480a622e80342adf488fb6006d667e8b42e4c0073393abee.js?body=1" for 127.0.0.1 at 2020-03-27 09:23:34 -0700
Started GET "/assets/jquery_ujs.self-784a997f6726036b1993eb2217c9cb558e1cbb801c6da88105588c56f13b466a.js?body=1" for 127.0.0.1 at 2020-03-27 09:23:34 -0700
Started GET "/assets/application.self-f571b9db02bf4ed04c38a6a29072ac382f7d4f47db1fab9817aeadb0d8665235.js?body=1" for 127.0.0.1 at 2020-03-27 09:23:34 -0700
Started GET "/assets/components/sidebar.self-2a1277f850a6fa21e1a974ef5152f177ac05516477d5081d593bb137b3d6808b.js?body=1" for 127.0.0.1 at 2020-03-27 09:23:34 -0700
Started GET "/" for ::1 at 2020-03-27 09:23:40 -0700
Processing by StaticPagesController#index as HTML
  Rendering static_pages/index.html.erb within layouts/application
  Rendered shared/_main_nav.html.erb (0.7ms)
  Rendered shared/_masthead.html.erb (0.6ms)
  Rendered shared/_sections_nav.html.erb (0.5ms)
  Rendered shared/_search_modal.html.erb (0.7ms)
  Rendered shared/_main_content.html.erb (0.3ms)
  Rendered static_pages/index.html.erb within layouts/application (34.0ms)
Completed 200 OK in 112ms (Views: 107.8ms | ActiveRecord: 0.0ms)


Started GET "/assets/application.self-04471e7dc799665a5edb4d9012be668b0317fd87d7bd2996bd9b7ac4f5da762c.css?body=1" for ::1 at 2020-03-27 09:23:40 -0700
Started GET "/assets/jquery_ujs.self-784a997f6726036b1993eb2217c9cb558e1cbb801c6da88105588c56f13b466a.js?body=1" for ::1 at 2020-03-27 09:23:40 -0700
Started GET "/assets/jquery.self-bd7ddd393353a8d2480a622e80342adf488fb6006d667e8b42e4c0073393abee.js?body=1" for ::1 at 2020-03-27 09:23:40 -0700
Started GET "/assets/components/dropdown.self-815016af6fab1d5b72abd319213bf62f0c42bab2c585d2e059543ae704a0d74c.js?body=1" for ::1 at 2020-03-27 09:23:40 -0700
Started GET "/assets/components/modal.self-52188644dbb47def5ee35ae02e69eb567ca9b664472357a8a5789dd39032a265.js?body=1" for ::1 at 2020-03-27 09:23:40 -0700
Started GET "/assets/application.self-f571b9db02bf4ed04c38a6a29072ac382f7d4f47db1fab9817aeadb0d8665235.js?body=1" for ::1 at 2020-03-27 09:23:40 -0700
Started GET "/assets/components/sidebar.self-2a1277f850a6fa21e1a974ef5152f177ac05516477d5081d593bb137b3d6808b.js?body=1" for ::1 at 2020-03-27 09:23:40 -0700
Started GET "/" for ::1 at 2020-03-27 09:38:58 -0700
Processing by StaticPagesController#index as HTML
  Rendering static_pages/index.html.erb within layouts/application
  Rendered shared/_main_nav.html.erb (0.6ms)
  Rendered shared/_masthead.html.erb (0.6ms)
  Rendered shared/_sections_nav.html.erb (0.3ms)
  Rendered shared/_search_modal.html.erb (0.4ms)
  Rendered shared/_main_content.html.erb (0.3ms)
  Rendered static_pages/index.html.erb within layouts/application (38.2ms)
Completed 200 OK in 86ms (Views: 78.9ms | ActiveRecord: 0.0ms)


Started GET "/assets/application.self-04471e7dc799665a5edb4d9012be668b0317fd87d7bd2996bd9b7ac4f5da762c.css?body=1&livereload=1585327244614" for ::1 at 2020-03-27 09:40:44 -0700
Started GET "/assets/application.self-04471e7dc799665a5edb4d9012be668b0317fd87d7bd2996bd9b7ac4f5da762c.css?body=1&livereload=1585327244617" for ::1 at 2020-03-27 09:40:44 -0700
Started GET "/assets/application.self-04471e7dc799665a5edb4d9012be668b0317fd87d7bd2996bd9b7ac4f5da762c.css?body=1&livereload=1585327260554" for ::1 at 2020-03-27 09:41:00 -0700
Started GET "/assets/application.self-04471e7dc799665a5edb4d9012be668b0317fd87d7bd2996bd9b7ac4f5da762c.css?body=1&livereload=1585327260557" for ::1 at 2020-03-27 09:41:00 -0700
Started GET "/assets/application.self-04471e7dc799665a5edb4d9012be668b0317fd87d7bd2996bd9b7ac4f5da762c.css?body=1&livereload=1585327287921" for ::1 at 2020-03-27 09:41:27 -0700
Started GET "/assets/application.self-04471e7dc799665a5edb4d9012be668b0317fd87d7bd2996bd9b7ac4f5da762c.css?body=1&livereload=1585327287923" for ::1 at 2020-03-27 09:41:27 -0700
Started GET "/assets/application.self-04471e7dc799665a5edb4d9012be668b0317fd87d7bd2996bd9b7ac4f5da762c.css?body=1&livereload=1585327311018" for ::1 at 2020-03-27 09:41:51 -0700
Started GET "/assets/application.self-04471e7dc799665a5edb4d9012be668b0317fd87d7bd2996bd9b7ac4f5da762c.css?body=1&livereload=1585327311019" for ::1 at 2020-03-27 09:41:51 -0700
Started GET "/assets/application.self-04471e7dc799665a5edb4d9012be668b0317fd87d7bd2996bd9b7ac4f5da762c.css?body=1&livereload=1585327318216" for ::1 at 2020-03-27 09:41:58 -0700
Started GET "/assets/application.self-04471e7dc799665a5edb4d9012be668b0317fd87d7bd2996bd9b7ac4f5da762c.css?body=1&livereload=1585327318217" for ::1 at 2020-03-27 09:41:58 -0700
Started GET "/assets/application.self-04471e7dc799665a5edb4d9012be668b0317fd87d7bd2996bd9b7ac4f5da762c.css?body=1&livereload=1585327342810" for ::1 at 2020-03-27 09:42:22 -0700
Started GET "/assets/application.self-04471e7dc799665a5edb4d9012be668b0317fd87d7bd2996bd9b7ac4f5da762c.css?body=1&livereload=1585327342812" for ::1 at 2020-03-27 09:42:22 -0700
Started GET "/assets/application.self-04471e7dc799665a5edb4d9012be668b0317fd87d7bd2996bd9b7ac4f5da762c.css?body=1&livereload=1585327480894" for ::1 at 2020-03-27 09:44:40 -0700
Started GET "/assets/application.self-04471e7dc799665a5edb4d9012be668b0317fd87d7bd2996bd9b7ac4f5da762c.css?body=1&livereload=1585327480896" for ::1 at 2020-03-27 09:44:40 -0700
Started GET "/assets/application.self-04471e7dc799665a5edb4d9012be668b0317fd87d7bd2996bd9b7ac4f5da762c.css?body=1&livereload=1585327486122" for ::1 at 2020-03-27 09:44:46 -0700
Started GET "/assets/application.self-04471e7dc799665a5edb4d9012be668b0317fd87d7bd2996bd9b7ac4f5da762c.css?body=1&livereload=1585327486126" for ::1 at 2020-03-27 09:44:46 -0700
Started GET "/assets/application.self-04471e7dc799665a5edb4d9012be668b0317fd87d7bd2996bd9b7ac4f5da762c.css?body=1&livereload=1585327497595" for ::1 at 2020-03-27 09:44:57 -0700
Started GET "/assets/application.self-04471e7dc799665a5edb4d9012be668b0317fd87d7bd2996bd9b7ac4f5da762c.css?body=1&livereload=1585327497597" for ::1 at 2020-03-27 09:44:57 -0700
Started GET "/assets/application.self-04471e7dc799665a5edb4d9012be668b0317fd87d7bd2996bd9b7ac4f5da762c.css?body=1&livereload=1585327554742" for ::1 at 2020-03-27 09:45:54 -0700
Started GET "/assets/application.self-04471e7dc799665a5edb4d9012be668b0317fd87d7bd2996bd9b7ac4f5da762c.css?body=1&livereload=1585327554744" for ::1 at 2020-03-27 09:45:54 -0700
Started GET "/assets/application.self-04471e7dc799665a5edb4d9012be668b0317fd87d7bd2996bd9b7ac4f5da762c.css?body=1&livereload=1585327591375" for ::1 at 2020-03-27 09:46:31 -0700
Started GET "/assets/application.self-04471e7dc799665a5edb4d9012be668b0317fd87d7bd2996bd9b7ac4f5da762c.css?body=1&livereload=1585327591372" for ::1 at 2020-03-27 09:46:31 -0700
Started GET "/assets/application.self-04471e7dc799665a5edb4d9012be668b0317fd87d7bd2996bd9b7ac4f5da762c.css?body=1&livereload=1585327687444" for ::1 at 2020-03-27 09:48:07 -0700
Started GET "/assets/application.self-04471e7dc799665a5edb4d9012be668b0317fd87d7bd2996bd9b7ac4f5da762c.css?body=1&livereload=1585327687447" for ::1 at 2020-03-27 09:48:07 -0700
Started GET "/assets/application.self-04471e7dc799665a5edb4d9012be668b0317fd87d7bd2996bd9b7ac4f5da762c.css?body=1&livereload=1585327729794" for ::1 at 2020-03-27 09:48:49 -0700
Started GET "/assets/application.self-04471e7dc799665a5edb4d9012be668b0317fd87d7bd2996bd9b7ac4f5da762c.css?body=1&livereload=1585327729795" for ::1 at 2020-03-27 09:48:49 -0700
Started GET "/assets/application.self-04471e7dc799665a5edb4d9012be668b0317fd87d7bd2996bd9b7ac4f5da762c.css?body=1&livereload=1585327739937" for ::1 at 2020-03-27 09:48:59 -0700
Started GET "/assets/application.self-04471e7dc799665a5edb4d9012be668b0317fd87d7bd2996bd9b7ac4f5da762c.css?body=1&livereload=1585327739939" for ::1 at 2020-03-27 09:48:59 -0700
Started GET "/" for 127.0.0.1 at 2020-03-27 09:49:14 -0700
Processing by StaticPagesController#index as HTML
  Rendering static_pages/index.html.erb within layouts/application
  Rendered shared/_main_nav.html.erb (0.4ms)
  Rendered shared/_masthead.html.erb (0.3ms)
  Rendered shared/_sections_nav.html.erb (0.3ms)
  Rendered shared/_search_modal.html.erb (0.3ms)
  Rendered shared/_main_content.html.erb (0.2ms)
  Rendered static_pages/index.html.erb within layouts/application (13.4ms)
Completed 200 OK in 56ms (Views: 52.4ms | ActiveRecord: 0.0ms)


Started GET "/assets/application.self-fc4613eef174fc44d422716012ece3faf27398a31f1d5f3322113090806f58f2.css?body=1" for 127.0.0.1 at 2020-03-27 09:49:14 -0700
Started GET "/" for ::1 at 2020-03-27 09:49:31 -0700
Processing by StaticPagesController#index as HTML
  Rendering static_pages/index.html.erb within layouts/application
  Rendered shared/_main_nav.html.erb (0.4ms)
  Rendered shared/_masthead.html.erb (0.3ms)
  Rendered shared/_sections_nav.html.erb (0.2ms)
  Rendered shared/_search_modal.html.erb (0.3ms)
  Rendered shared/_main_content.html.erb (0.2ms)
  Rendered static_pages/index.html.erb within layouts/application (13.6ms)
Completed 200 OK in 42ms (Views: 38.7ms | ActiveRecord: 0.0ms)


Started GET "/assets/application.self-fc4613eef174fc44d422716012ece3faf27398a31f1d5f3322113090806f58f2.css?body=1" for ::1 at 2020-03-27 09:49:31 -0700
Started GET "/" for ::1 at 2020-03-27 09:49:36 -0700
Processing by StaticPagesController#index as HTML
  Rendering static_pages/index.html.erb within layouts/application
  Rendered shared/_main_nav.html.erb (0.4ms)
  Rendered shared/_masthead.html.erb (0.4ms)
  Rendered shared/_sections_nav.html.erb (0.2ms)
  Rendered shared/_search_modal.html.erb (0.2ms)
  Rendered shared/_main_content.html.erb (0.3ms)
  Rendered static_pages/index.html.erb within layouts/application (12.8ms)
Completed 200 OK in 50ms (Views: 46.8ms | ActiveRecord: 0.0ms)


Started GET "/assets/application.self-fc4613eef174fc44d422716012ece3faf27398a31f1d5f3322113090806f58f2.css?body=1&livereload=1585327899779" for ::1 at 2020-03-27 09:51:39 -0700
Started GET "/assets/application.self-fc4613eef174fc44d422716012ece3faf27398a31f1d5f3322113090806f58f2.css?body=1&livereload=1585327899781" for ::1 at 2020-03-27 09:51:39 -0700
Started GET "/" for 127.0.0.1 at 2020-03-27 09:51:47 -0700
Processing by StaticPagesController#index as HTML
  Rendering static_pages/index.html.erb within layouts/application
  Rendered shared/_main_nav.html.erb (0.4ms)
  Rendered shared/_masthead.html.erb (0.4ms)
  Rendered shared/_sections_nav.html.erb (0.5ms)
  Rendered shared/_search_modal.html.erb (0.4ms)
  Rendered shared/_main_content.html.erb (0.3ms)
  Rendered static_pages/index.html.erb within layouts/application (28.5ms)
Started GET "/assets/application.self-fc4613eef174fc44d422716012ece3faf27398a31f1d5f3322113090806f58f2.css?body=1&livereload=1585327907519" for ::1 at 2020-03-27 09:51:47 -0700
Started GET "/assets/application.self-fc4613eef174fc44d422716012ece3faf27398a31f1d5f3322113090806f58f2.css?body=1&livereload=1585327907521" for ::1 at 2020-03-27 09:51:47 -0700
Completed 200 OK in 163ms (Views: 159.0ms | ActiveRecord: 0.0ms)


Started GET "/assets/application.self-c551b6a57db2233737b4fdb48e9078008704d5b552ffa85f4ad113de3f43d86d.css?body=1" for 127.0.0.1 at 2020-03-27 09:51:48 -0700
Started GET "/assets/application.self-fc4613eef174fc44d422716012ece3faf27398a31f1d5f3322113090806f58f2.css?body=1&livereload=1585327915473" for ::1 at 2020-03-27 09:51:55 -0700
Started GET "/assets/application.self-fc4613eef174fc44d422716012ece3faf27398a31f1d5f3322113090806f58f2.css?body=1&livereload=1585327915475" for ::1 at 2020-03-27 09:51:55 -0700
Started GET "/assets/application.self-fc4613eef174fc44d422716012ece3faf27398a31f1d5f3322113090806f58f2.css?body=1&livereload=1585327925740" for ::1 at 2020-03-27 09:52:05 -0700
Started GET "/assets/application.self-fc4613eef174fc44d422716012ece3faf27398a31f1d5f3322113090806f58f2.css?body=1&livereload=1585327925738" for ::1 at 2020-03-27 09:52:05 -0700
Started GET "/" for 127.0.0.1 at 2020-03-27 09:52:17 -0700
Processing by StaticPagesController#index as HTML
  Rendering static_pages/index.html.erb within layouts/application
  Rendered shared/_main_nav.html.erb (0.4ms)
  Rendered shared/_masthead.html.erb (0.2ms)
  Rendered shared/_sections_nav.html.erb (0.2ms)
  Rendered shared/_search_modal.html.erb (0.3ms)
  Rendered shared/_main_content.html.erb (0.3ms)
  Rendered static_pages/index.html.erb within layouts/application (16.7ms)
Completed 200 OK in 46ms (Views: 42.5ms | ActiveRecord: 0.0ms)


Started GET "/assets/application.self-ba737f036189ce63291b93440e36fcba39a22d2ee9c97c24cd562d2d75dcd9c2.css?body=1" for 127.0.0.1 at 2020-03-27 09:52:18 -0700
Started GET "/assets/application.self-fc4613eef174fc44d422716012ece3faf27398a31f1d5f3322113090806f58f2.css?body=1&livereload=1585328145748" for ::1 at 2020-03-27 09:55:45 -0700
Started GET "/assets/application.self-fc4613eef174fc44d422716012ece3faf27398a31f1d5f3322113090806f58f2.css?body=1&livereload=1585328145749" for ::1 at 2020-03-27 09:55:45 -0700
Started GET "/assets/application.self-fc4613eef174fc44d422716012ece3faf27398a31f1d5f3322113090806f58f2.css?body=1&livereload=1585328192706" for ::1 at 2020-03-27 09:56:32 -0700
Started GET "/assets/application.self-fc4613eef174fc44d422716012ece3faf27398a31f1d5f3322113090806f58f2.css?body=1&livereload=1585328192705" for ::1 at 2020-03-27 09:56:32 -0700
Started GET "/assets/application.self-fc4613eef174fc44d422716012ece3faf27398a31f1d5f3322113090806f58f2.css?body=1&livereload=1585328213654" for ::1 at 2020-03-27 09:56:53 -0700
Started GET "/assets/application.self-fc4613eef174fc44d422716012ece3faf27398a31f1d5f3322113090806f58f2.css?body=1&livereload=1585328213658" for ::1 at 2020-03-27 09:56:53 -0700
Started GET "/" for 127.0.0.1 at 2020-03-27 09:57:08 -0700
Processing by StaticPagesController#index as HTML
  Rendering static_pages/index.html.erb within layouts/application
  Rendered shared/_main_nav.html.erb (0.3ms)
  Rendered shared/_masthead.html.erb (0.3ms)
  Rendered shared/_sections_nav.html.erb (0.3ms)
  Rendered shared/_search_modal.html.erb (0.3ms)
  Rendered shared/_main_content.html.erb (0.3ms)
  Rendered static_pages/index.html.erb within layouts/application (12.4ms)
Completed 200 OK in 48ms (Views: 45.8ms | ActiveRecord: 0.0ms)


Started GET "/assets/application.self-0a957b6107b4a284542b4a192137e8ae0a5ede04051d5249f2c543c28b30cdb7.css?body=1" for 127.0.0.1 at 2020-03-27 09:57:09 -0700
Started GET "/assets/application.self-fc4613eef174fc44d422716012ece3faf27398a31f1d5f3322113090806f58f2.css?body=1&livereload=1585328247862" for ::1 at 2020-03-27 09:57:27 -0700
Started GET "/assets/application.self-fc4613eef174fc44d422716012ece3faf27398a31f1d5f3322113090806f58f2.css?body=1&livereload=1585328247864" for ::1 at 2020-03-27 09:57:27 -0700
Started GET "/" for 127.0.0.1 at 2020-03-27 13:40:14 -0700
Processing by StaticPagesController#index as HTML
  Rendering static_pages/index.html.erb within layouts/application
  Rendered shared/_main_nav.html.erb (1.0ms)
  Rendered shared/_masthead.html.erb (0.6ms)
  Rendered shared/_sections_nav.html.erb (0.4ms)
  Rendered shared/_search_modal.html.erb (0.4ms)
  Rendered shared/_main_content.html.erb (0.5ms)
  Rendered static_pages/index.html.erb within layouts/application (21.6ms)
Completed 200 OK in 96ms (Views: 90.8ms | ActiveRecord: 0.0ms)


Started GET "/assets/application.self-de13938e68ba7820167b3a3b7c0d6204c2b445c8e6105007b070c8cc661a855d.css?body=1" for 127.0.0.1 at 2020-03-27 13:40:15 -0700
Started GET "/" for 127.0.0.1 at 2020-03-27 13:44:38 -0700
Processing by StaticPagesController#index as HTML
  Rendering static_pages/index.html.erb within layouts/application
  Rendered shared/_main_nav.html.erb (0.5ms)
  Rendered shared/_masthead.html.erb (0.5ms)
  Rendered shared/_sections_nav.html.erb (0.3ms)
  Rendered shared/_search_modal.html.erb (0.4ms)
  Rendered shared/_main_content.html.erb (0.5ms)
  Rendered static_pages/index.html.erb within layouts/application (19.7ms)
Completed 200 OK in 74ms (Views: 70.9ms | ActiveRecord: 0.0ms)


Started GET "/" for ::1 at 2020-03-27 13:48:20 -0700
Processing by StaticPagesController#index as HTML
  Rendering static_pages/index.html.erb within layouts/application
  Rendered shared/_main_nav.html.erb (0.3ms)
  Rendered shared/_masthead.html.erb (1.0ms)
  Rendered shared/_sections_nav.html.erb (0.4ms)
  Rendered shared/_search_modal.html.erb (0.3ms)
  Rendered shared/_main_content.html.erb (0.3ms)
  Rendered static_pages/index.html.erb within layouts/application (16.5ms)
Completed 200 OK in 97ms (Views: 45.8ms | ActiveRecord: 0.0ms)


Started GET "/assets/application.self-de13938e68ba7820167b3a3b7c0d6204c2b445c8e6105007b070c8cc661a855d.css?body=1" for ::1 at 2020-03-27 13:48:20 -0700
Started GET "/" for ::1 at 2020-03-27 13:48:39 -0700
Processing by StaticPagesController#index as HTML
  Rendering static_pages/index.html.erb within layouts/application
  Rendered shared/_main_nav.html.erb (0.4ms)
  Rendered shared/_masthead.html.erb (0.4ms)
  Rendered shared/_sections_nav.html.erb (0.3ms)
  Rendered shared/_search_modal.html.erb (0.6ms)
  Rendered shared/_main_content.html.erb (0.4ms)
  Rendered static_pages/index.html.erb within layouts/application (88.5ms)
Completed 200 OK in 201ms (Views: 197.0ms | ActiveRecord: 0.0ms)


Started GET "/" for ::1 at 2020-03-27 13:49:32 -0700
Processing by StaticPagesController#index as HTML
  Rendering static_pages/index.html.erb within layouts/application
  Rendered shared/_main_nav.html.erb (0.8ms)
  Rendered shared/_masthead.html.erb (0.3ms)
  Rendered shared/_sections_nav.html.erb (0.5ms)
  Rendered shared/_search_modal.html.erb (1.2ms)
  Rendered shared/_main_content.html.erb (1.3ms)
  Rendered static_pages/index.html.erb within layouts/application (50.6ms)
Completed 200 OK in 130ms (Views: 124.1ms | ActiveRecord: 0.0ms)


Started GET "/" for ::1 at 2020-03-27 13:52:40 -0700
Processing by StaticPagesController#index as HTML
  Rendering static_pages/index.html.erb within layouts/application
  Rendered shared/_main_nav.html.erb (0.3ms)
  Rendered shared/_masthead.html.erb (0.4ms)
  Rendered shared/_sections_nav.html.erb (1.3ms)
  Rendered shared/_search_modal.html.erb (0.3ms)
  Rendered shared/_main_content.html.erb (0.4ms)
  Rendered static_pages/index.html.erb within layouts/application (43.6ms)
Completed 200 OK in 169ms (Views: 144.3ms | ActiveRecord: 0.0ms)


Started GET "/" for 127.0.0.1 at 2020-03-27 13:52:44 -0700
Processing by StaticPagesController#index as HTML
  Rendering static_pages/index.html.erb within layouts/application
  Rendered shared/_main_nav.html.erb (0.6ms)
  Rendered shared/_masthead.html.erb (0.4ms)
  Rendered shared/_sections_nav.html.erb (1.4ms)
  Rendered shared/_search_modal.html.erb (0.5ms)
  Rendered shared/_main_content.html.erb (0.3ms)
  Rendered static_pages/index.html.erb within layouts/application (43.5ms)
Completed 200 OK in 103ms (Views: 98.3ms | ActiveRecord: 0.0ms)


Started GET "/" for ::1 at 2020-03-27 13:53:00 -0700
Processing by StaticPagesController#index as HTML
  Rendering static_pages/index.html.erb within layouts/application
  Rendered shared/_main_nav.html.erb (0.5ms)
  Rendered shared/_masthead.html.erb (11.2ms)
  Rendered shared/_sections_nav.html.erb (16.2ms)
  Rendered shared/_search_modal.html.erb (0.6ms)
  Rendered shared/_main_content.html.erb (0.4ms)
  Rendered static_pages/index.html.erb within layouts/application (70.3ms)
Completed 200 OK in 271ms (Views: 256.5ms | ActiveRecord: 0.0ms)


Started GET "/" for 127.0.0.1 at 2020-03-27 13:53:02 -0700
Processing by StaticPagesController#index as HTML
  Rendering static_pages/index.html.erb within layouts/application
  Rendered shared/_main_nav.html.erb (0.8ms)
  Rendered shared/_masthead.html.erb (0.5ms)
  Rendered shared/_sections_nav.html.erb (0.4ms)
  Rendered shared/_search_modal.html.erb (0.4ms)
  Rendered shared/_main_content.html.erb (0.5ms)
  Rendered static_pages/index.html.erb within layouts/application (28.5ms)
Completed 200 OK in 86ms (Views: 82.3ms | ActiveRecord: 0.0ms)


Started GET "/" for ::1 at 2020-03-27 13:53:21 -0700
Processing by StaticPagesController#index as HTML
  Rendering static_pages/index.html.erb within layouts/application
  Rendered shared/_main_nav.html.erb (0.4ms)
  Rendered shared/_masthead.html.erb (0.6ms)
  Rendered shared/_sections_nav.html.erb (0.5ms)
  Rendered shared/_search_modal.html.erb (0.4ms)
  Rendered shared/_main_content.html.erb (0.5ms)
  Rendered static_pages/index.html.erb within layouts/application (23.4ms)
Completed 200 OK in 103ms (Views: 96.9ms | ActiveRecord: 0.0ms)


Started GET "/" for ::1 at 2020-03-27 13:54:02 -0700
Processing by StaticPagesController#index as HTML
  Rendering static_pages/index.html.erb within layouts/application
  Rendered shared/_main_nav.html.erb (0.5ms)
  Rendered shared/_masthead.html.erb (0.6ms)
  Rendered shared/_sections_nav.html.erb (0.3ms)
  Rendered shared/_search_modal.html.erb (0.3ms)
  Rendered shared/_main_content.html.erb (1.0ms)
  Rendered static_pages/index.html.erb within layouts/application (83.6ms)
Completed 200 OK in 241ms (Views: 236.9ms | ActiveRecord: 0.0ms)


Started GET "/" for ::1 at 2020-03-27 13:55:10 -0700
Processing by StaticPagesController#index as HTML
  Rendering static_pages/index.html.erb within layouts/application
  Rendered shared/_main_nav.html.erb (1.2ms)
  Rendered shared/_masthead.html.erb (1.2ms)
  Rendered shared/_sections_nav.html.erb (27.4ms)
  Rendered shared/_search_modal.html.erb (0.4ms)
  Rendered shared/_main_content.html.erb (0.9ms)
  Rendered static_pages/index.html.erb within layouts/application (79.7ms)
Completed 200 OK in 328ms (Views: 317.2ms | ActiveRecord: 0.0ms)


Started GET "/" for 127.0.0.1 at 2020-03-27 13:55:11 -0700
Processing by StaticPagesController#index as HTML
  Rendering static_pages/index.html.erb within layouts/application
  Rendered shared/_main_nav.html.erb (0.3ms)
  Rendered shared/_masthead.html.erb (0.7ms)
  Rendered shared/_sections_nav.html.erb (0.5ms)
  Rendered shared/_search_modal.html.erb (0.6ms)
  Rendered shared/_main_content.html.erb (0.3ms)
  Rendered static_pages/index.html.erb within layouts/application (20.0ms)
Completed 200 OK in 48ms (Views: 43.2ms | ActiveRecord: 0.0ms)


Started GET "/" for ::1 at 2020-03-27 13:55:38 -0700
Processing by StaticPagesController#index as HTML
  Rendering static_pages/index.html.erb within layouts/application
  Rendered shared/_main_nav.html.erb (0.3ms)
  Rendered shared/_masthead.html.erb (0.7ms)
  Rendered shared/_sections_nav.html.erb (0.4ms)
  Rendered shared/_search_modal.html.erb (0.3ms)
  Rendered shared/_main_content.html.erb (0.6ms)
  Rendered static_pages/index.html.erb within layouts/application (28.6ms)
Completed 200 OK in 92ms (Views: 78.7ms | ActiveRecord: 0.0ms)


Started GET "/" for 127.0.0.1 at 2020-03-27 13:55:44 -0700
Processing by StaticPagesController#index as HTML
  Rendering static_pages/index.html.erb within layouts/application
  Rendered shared/_main_nav.html.erb (0.4ms)
  Rendered shared/_masthead.html.erb (1.1ms)
  Rendered shared/_sections_nav.html.erb (0.6ms)
  Rendered shared/_search_modal.html.erb (0.7ms)
  Rendered shared/_main_content.html.erb (2.4ms)
  Rendered static_pages/index.html.erb within layouts/application (50.4ms)
Completed 200 OK in 163ms (Views: 159.6ms | ActiveRecord: 0.0ms)


Started GET "/" for ::1 at 2020-03-27 13:55:54 -0700
Processing by StaticPagesController#index as HTML
  Rendering static_pages/index.html.erb within layouts/application
  Rendered shared/_main_nav.html.erb (0.4ms)
  Rendered shared/_masthead.html.erb (0.6ms)
  Rendered shared/_sections_nav.html.erb (0.6ms)
  Rendered shared/_search_modal.html.erb (0.5ms)
  Rendered shared/_main_content.html.erb (0.7ms)
  Rendered static_pages/index.html.erb within layouts/application (59.0ms)
Completed 200 OK in 466ms (Views: 462.0ms | ActiveRecord: 0.0ms)


Started GET "/" for 127.0.0.1 at 2020-03-27 13:55:55 -0700
Processing by StaticPagesController#index as HTML
  Rendering static_pages/index.html.erb within layouts/application
  Rendered shared/_main_nav.html.erb (0.6ms)
  Rendered shared/_masthead.html.erb (0.4ms)
  Rendered shared/_sections_nav.html.erb (0.4ms)
  Rendered shared/_search_modal.html.erb (0.7ms)
  Rendered shared/_main_content.html.erb (4.4ms)
  Rendered static_pages/index.html.erb within layouts/application (91.6ms)
Completed 200 OK in 183ms (Views: 177.3ms | ActiveRecord: 0.0ms)


Started GET "/" for ::1 at 2020-03-27 13:56:04 -0700
Processing by StaticPagesController#index as HTML
  Rendering static_pages/index.html.erb within layouts/application
  Rendered shared/_main_nav.html.erb (0.7ms)
  Rendered shared/_masthead.html.erb (2.6ms)
  Rendered shared/_sections_nav.html.erb (0.6ms)
  Rendered shared/_search_modal.html.erb (0.3ms)
  Rendered shared/_main_content.html.erb (0.8ms)
  Rendered static_pages/index.html.erb within layouts/application (65.6ms)
Completed 200 OK in 514ms (Views: 503.0ms | ActiveRecord: 0.0ms)


Started GET "/" for 127.0.0.1 at 2020-03-27 13:56:07 -0700
Processing by StaticPagesController#index as HTML
  Rendering static_pages/index.html.erb within layouts/application
  Rendered shared/_main_nav.html.erb (0.5ms)
  Rendered shared/_masthead.html.erb (0.3ms)
  Rendered shared/_sections_nav.html.erb (0.4ms)
  Rendered shared/_search_modal.html.erb (0.4ms)
  Rendered shared/_main_content.html.erb (0.3ms)
  Rendered static_pages/index.html.erb within layouts/application (24.6ms)
Completed 200 OK in 69ms (Views: 61.4ms | ActiveRecord: 0.0ms)


Started GET "/" for ::1 at 2020-03-27 13:56:32 -0700
Processing by StaticPagesController#index as HTML
  Rendering static_pages/index.html.erb within layouts/application
  Rendered shared/_main_nav.html.erb (0.4ms)
  Rendered shared/_masthead.html.erb (3.7ms)
  Rendered shared/_sections_nav.html.erb (0.5ms)
  Rendered shared/_search_modal.html.erb (0.3ms)
  Rendered shared/_main_content.html.erb (0.6ms)
  Rendered static_pages/index.html.erb within layouts/application (57.4ms)
Completed 200 OK in 126ms (Views: 121.3ms | ActiveRecord: 0.0ms)


Started GET "/" for ::1 at 2020-03-27 13:56:47 -0700
Processing by StaticPagesController#index as HTML
  Rendering static_pages/index.html.erb within layouts/application
  Rendered shared/_main_nav.html.erb (86.6ms)
  Rendered shared/_masthead.html.erb (0.4ms)
Started GET "/" for 127.0.0.1 at 2020-03-27 13:56:47 -0700
Processing by StaticPagesController#index as HTML
  Rendering static_pages/index.html.erb within layouts/application
  Rendered shared/_main_nav.html.erb (2.3ms)
  Rendered shared/_sections_nav.html.erb (0.5ms)
  Rendered shared/_masthead.html.erb (0.4ms)
  Rendered shared/_search_modal.html.erb (0.4ms)
  Rendered shared/_main_content.html.erb (3.7ms)
  Rendered static_pages/index.html.erb within layouts/application (218.4ms)
  Rendered shared/_sections_nav.html.erb (0.3ms)
  Rendered shared/_search_modal.html.erb (1.1ms)
  Rendered shared/_main_content.html.erb (0.7ms)
  Rendered static_pages/index.html.erb within layouts/application (65.8ms)
Completed 200 OK in 269ms (Views: 265.5ms | ActiveRecord: 0.0ms)


Completed 200 OK in 466ms (Views: 458.6ms | ActiveRecord: 0.0ms)


Started GET "/" for 127.0.0.1 at 2020-03-27 13:56:51 -0700
Processing by StaticPagesController#index as HTML
  Rendering static_pages/index.html.erb within layouts/application
  Rendered shared/_main_nav.html.erb (0.4ms)
  Rendered shared/_masthead.html.erb (0.4ms)
  Rendered shared/_sections_nav.html.erb (0.6ms)
  Rendered shared/_search_modal.html.erb (0.4ms)
  Rendered shared/_main_content.html.erb (0.4ms)
  Rendered static_pages/index.html.erb within layouts/application (26.7ms)
Completed 200 OK in 86ms (Views: 82.6ms | ActiveRecord: 0.0ms)


Started GET "/" for ::1 at 2020-03-27 13:56:53 -0700
Processing by StaticPagesController#index as HTML
  Rendering static_pages/index.html.erb within layouts/application
  Rendered shared/_main_nav.html.erb (0.4ms)
  Rendered shared/_masthead.html.erb (0.5ms)
  Rendered shared/_sections_nav.html.erb (0.3ms)
  Rendered shared/_search_modal.html.erb (0.6ms)
  Rendered shared/_main_content.html.erb (1.0ms)
  Rendered static_pages/index.html.erb within layouts/application (25.2ms)
Completed 200 OK in 88ms (Views: 85.5ms | ActiveRecord: 0.0ms)


Started GET "/" for ::1 at 2020-03-27 13:56:54 -0700
Processing by StaticPagesController#index as HTML
  Rendering static_pages/index.html.erb within layouts/application
  Rendered shared/_main_nav.html.erb (0.5ms)
  Rendered shared/_masthead.html.erb (0.3ms)
  Rendered shared/_sections_nav.html.erb (0.3ms)
  Rendered shared/_search_modal.html.erb (0.8ms)
  Rendered shared/_main_content.html.erb (0.4ms)
  Rendered static_pages/index.html.erb within layouts/application (20.9ms)
Completed 200 OK in 57ms (Views: 51.3ms | ActiveRecord: 0.0ms)


Started GET "/" for 127.0.0.1 at 2020-03-27 13:56:56 -0700
Processing by StaticPagesController#index as HTML
  Rendering static_pages/index.html.erb within layouts/application
  Rendered shared/_main_nav.html.erb (0.3ms)
  Rendered shared/_masthead.html.erb (0.3ms)
  Rendered shared/_sections_nav.html.erb (0.3ms)
  Rendered shared/_search_modal.html.erb (0.6ms)
  Rendered shared/_main_content.html.erb (0.3ms)
  Rendered static_pages/index.html.erb within layouts/application (21.1ms)
Completed 200 OK in 63ms (Views: 54.7ms | ActiveRecord: 0.0ms)


Started GET "/" for 127.0.0.1 at 2020-03-27 13:57:03 -0700
Processing by StaticPagesController#index as HTML
  Rendering static_pages/index.html.erb within layouts/application
  Rendered shared/_main_nav.html.erb (0.3ms)
  Rendered shared/_masthead.html.erb (0.3ms)
  Rendered shared/_sections_nav.html.erb (0.2ms)
  Rendered shared/_search_modal.html.erb (0.2ms)
  Rendered shared/_main_content.html.erb (0.3ms)
  Rendered static_pages/index.html.erb within layouts/application (17.3ms)
Completed 200 OK in 57ms (Views: 55.5ms | ActiveRecord: 0.0ms)


Started GET "/" for ::1 at 2020-03-27 13:57:06 -0700
Processing by StaticPagesController#index as HTML
  Rendering static_pages/index.html.erb within layouts/application
  Rendered shared/_main_nav.html.erb (0.4ms)
  Rendered shared/_masthead.html.erb (0.4ms)
  Rendered shared/_sections_nav.html.erb (1.6ms)
  Rendered shared/_search_modal.html.erb (13.8ms)
  Rendered shared/_main_content.html.erb (1.9ms)
  Rendered static_pages/index.html.erb within layouts/application (65.5ms)
Completed 200 OK in 432ms (Views: 427.3ms | ActiveRecord: 0.0ms)


Started GET "/assets/application.self-de13938e68ba7820167b3a3b7c0d6204c2b445c8e6105007b070c8cc661a855d.css?body=1&livereload=1585342736190" for ::1 at 2020-03-27 13:58:56 -0700
Started GET "/assets/application.self-de13938e68ba7820167b3a3b7c0d6204c2b445c8e6105007b070c8cc661a855d.css?body=1&livereload=1585342736193" for ::1 at 2020-03-27 13:58:56 -0700
Started GET "/assets/application.self-de13938e68ba7820167b3a3b7c0d6204c2b445c8e6105007b070c8cc661a855d.css?body=1&livereload=1585342736193" for ::1 at 2020-03-27 13:59:12 -0700
Started GET "/assets/application.self-de13938e68ba7820167b3a3b7c0d6204c2b445c8e6105007b070c8cc661a855d.css?body=1&livereload=1585342764956" for ::1 at 2020-03-27 13:59:24 -0700
Started GET "/assets/application.self-de13938e68ba7820167b3a3b7c0d6204c2b445c8e6105007b070c8cc661a855d.css?body=1&livereload=1585342764968" for ::1 at 2020-03-27 13:59:25 -0700
Started GET "/" for ::1 at 2020-03-27 13:59:26 -0700
Processing by StaticPagesController#index as HTML
  Rendering static_pages/index.html.erb within layouts/application
  Rendered shared/_main_nav.html.erb (0.4ms)
  Rendered shared/_masthead.html.erb (0.4ms)
  Rendered shared/_sections_nav.html.erb (0.4ms)
  Rendered shared/_search_modal.html.erb (0.5ms)
  Rendered shared/_main_content.html.erb (0.5ms)
  Rendered static_pages/index.html.erb within layouts/application (77.2ms)
Completed 200 OK in 195ms (Views: 189.8ms | ActiveRecord: 0.0ms)


Started GET "/assets/application.self-de13938e68ba7820167b3a3b7c0d6204c2b445c8e6105007b070c8cc661a855d.css?body=1&livereload=1585342881625" for ::1 at 2020-03-27 14:01:21 -0700
Started GET "/assets/application.self-de13938e68ba7820167b3a3b7c0d6204c2b445c8e6105007b070c8cc661a855d.css?body=1&livereload=1585342881632" for ::1 at 2020-03-27 14:01:21 -0700
Started GET "/assets/application.self-de13938e68ba7820167b3a3b7c0d6204c2b445c8e6105007b070c8cc661a855d.css?body=1&livereload=1585342897414" for ::1 at 2020-03-27 14:01:37 -0700
Started GET "/assets/application.self-de13938e68ba7820167b3a3b7c0d6204c2b445c8e6105007b070c8cc661a855d.css?body=1&livereload=1585342897408" for ::1 at 2020-03-27 14:01:37 -0700
Started GET "/" for ::1 at 2020-03-27 14:01:42 -0700
Processing by StaticPagesController#index as HTML
  Rendering static_pages/index.html.erb within layouts/application
  Rendered shared/_main_nav.html.erb (0.5ms)
  Rendered shared/_masthead.html.erb (0.3ms)
  Rendered shared/_sections_nav.html.erb (0.6ms)
  Rendered shared/_search_modal.html.erb (0.4ms)
  Rendered shared/_main_content.html.erb (0.6ms)
  Rendered static_pages/index.html.erb within layouts/application (31.6ms)
Completed 200 OK in 94ms (Views: 85.7ms | ActiveRecord: 0.0ms)


Started GET "/assets/application.self-58da23a33f20271b365ef6ccc82b780aee143d57eb661c05ed21c94cafc9953c.css?body=1" for ::1 at 2020-03-27 14:01:42 -0700
Started GET "/" for 127.0.0.1 at 2020-03-27 14:01:47 -0700
Processing by StaticPagesController#index as HTML
  Rendering static_pages/index.html.erb within layouts/application
  Rendered shared/_main_nav.html.erb (0.3ms)
  Rendered shared/_masthead.html.erb (0.6ms)
  Rendered shared/_sections_nav.html.erb (0.3ms)
  Rendered shared/_search_modal.html.erb (0.9ms)
  Rendered shared/_main_content.html.erb (0.5ms)
  Rendered static_pages/index.html.erb within layouts/application (21.6ms)
Completed 200 OK in 52ms (Views: 48.1ms | ActiveRecord: 0.0ms)


Started GET "/assets/application.self-58da23a33f20271b365ef6ccc82b780aee143d57eb661c05ed21c94cafc9953c.css?body=1" for 127.0.0.1 at 2020-03-27 14:01:48 -0700
Started GET "/" for ::1 at 2020-03-27 14:01:51 -0700
Processing by StaticPagesController#index as HTML
  Rendering static_pages/index.html.erb within layouts/application
  Rendered shared/_main_nav.html.erb (0.7ms)
  Rendered shared/_masthead.html.erb (0.3ms)
  Rendered shared/_sections_nav.html.erb (1.4ms)
  Rendered shared/_search_modal.html.erb (0.5ms)
  Rendered shared/_main_content.html.erb (1.7ms)
  Rendered static_pages/index.html.erb within layouts/application (40.9ms)
Completed 200 OK in 98ms (Views: 92.4ms | ActiveRecord: 0.0ms)


Started GET "/" for 127.0.0.1 at 2020-03-27 14:01:56 -0700
Processing by StaticPagesController#index as HTML
  Rendering static_pages/index.html.erb within layouts/application
  Rendered shared/_main_nav.html.erb (0.3ms)
  Rendered shared/_masthead.html.erb (0.4ms)
  Rendered shared/_sections_nav.html.erb (0.5ms)
  Rendered shared/_search_modal.html.erb (0.5ms)
  Rendered shared/_main_content.html.erb (0.9ms)
  Rendered static_pages/index.html.erb within layouts/application (23.1ms)
Completed 200 OK in 60ms (Views: 56.6ms | ActiveRecord: 0.0ms)


Started GET "/assets/application.self-58da23a33f20271b365ef6ccc82b780aee143d57eb661c05ed21c94cafc9953c.css?body=1&livereload=1585342929134" for ::1 at 2020-03-27 14:02:09 -0700
Started GET "/assets/application.self-58da23a33f20271b365ef6ccc82b780aee143d57eb661c05ed21c94cafc9953c.css?body=1&livereload=1585342929138" for ::1 at 2020-03-27 14:02:09 -0700
Started GET "/" for ::1 at 2020-03-27 14:02:10 -0700
Processing by StaticPagesController#index as HTML
  Rendering static_pages/index.html.erb within layouts/application
  Rendered shared/_main_nav.html.erb (0.5ms)
  Rendered shared/_masthead.html.erb (0.3ms)
  Rendered shared/_sections_nav.html.erb (0.6ms)
  Rendered shared/_search_modal.html.erb (0.4ms)
  Rendered shared/_main_content.html.erb (0.4ms)
  Rendered static_pages/index.html.erb within layouts/application (57.6ms)
Completed 200 OK in 133ms (Views: 122.8ms | ActiveRecord: 0.0ms)


Started GET "/assets/application.self-44f275dfe90a588fdcfc45864d4940c1f91e79ee2525972058e72e97135b0ae6.css?body=1" for ::1 at 2020-03-27 14:02:11 -0700
Started GET "/" for 127.0.0.1 at 2020-03-27 14:02:16 -0700
Processing by StaticPagesController#index as HTML
  Rendering static_pages/index.html.erb within layouts/application
  Rendered shared/_main_nav.html.erb (0.3ms)
  Rendered shared/_masthead.html.erb (0.3ms)
  Rendered shared/_sections_nav.html.erb (0.2ms)
  Rendered shared/_search_modal.html.erb (0.3ms)
  Rendered shared/_main_content.html.erb (0.6ms)
  Rendered static_pages/index.html.erb within layouts/application (16.2ms)
Completed 200 OK in 61ms (Views: 55.1ms | ActiveRecord: 0.0ms)


Started GET "/assets/application.self-44f275dfe90a588fdcfc45864d4940c1f91e79ee2525972058e72e97135b0ae6.css?body=1" for 127.0.0.1 at 2020-03-27 14:02:16 -0700
Started GET "/" for 127.0.0.1 at 2020-03-27 14:03:32 -0700
Processing by StaticPagesController#index as HTML
  Rendering static_pages/index.html.erb within layouts/application
  Rendered shared/_main_nav.html.erb (0.3ms)
  Rendered shared/_masthead.html.erb (0.5ms)
  Rendered shared/_sections_nav.html.erb (0.4ms)
  Rendered shared/_search_modal.html.erb (0.4ms)
  Rendered shared/_main_content.html.erb (0.2ms)
  Rendered static_pages/index.html.erb within layouts/application (14.6ms)
Completed 200 OK in 42ms (Views: 39.7ms | ActiveRecord: 0.0ms)


Started GET "/assets/application.self-44f275dfe90a588fdcfc45864d4940c1f91e79ee2525972058e72e97135b0ae6.css?body=1&livereload=1585343015823" for ::1 at 2020-03-27 14:03:35 -0700
Started GET "/assets/application.self-44f275dfe90a588fdcfc45864d4940c1f91e79ee2525972058e72e97135b0ae6.css?body=1&livereload=1585343015827" for ::1 at 2020-03-27 14:03:35 -0700
Started GET "/" for ::1 at 2020-03-27 14:03:38 -0700
Processing by StaticPagesController#index as HTML
  Rendering static_pages/index.html.erb within layouts/application
  Rendered shared/_main_nav.html.erb (0.8ms)
  Rendered shared/_masthead.html.erb (0.4ms)
  Rendered shared/_sections_nav.html.erb (1.7ms)
  Rendered shared/_search_modal.html.erb (0.4ms)
  Rendered shared/_main_content.html.erb (4.1ms)
  Rendered static_pages/index.html.erb within layouts/application (71.5ms)
Completed 200 OK in 193ms (Views: 189.0ms | ActiveRecord: 0.0ms)


Started GET "/assets/application.self-ab356370fef174a2f193f309d81ef55b38caf85d917b1d2acc85fb312261f770.css?body=1" for ::1 at 2020-03-27 14:03:38 -0700
Started GET "/" for 127.0.0.1 at 2020-03-27 14:03:38 -0700
Processing by StaticPagesController#index as HTML
  Rendering static_pages/index.html.erb within layouts/application
  Rendered shared/_main_nav.html.erb (0.5ms)
  Rendered shared/_masthead.html.erb (0.5ms)
  Rendered shared/_sections_nav.html.erb (7.4ms)
  Rendered shared/_search_modal.html.erb (1.4ms)
  Rendered shared/_main_content.html.erb (6.0ms)
  Rendered static_pages/index.html.erb within layouts/application (62.8ms)
Completed 200 OK in 304ms (Views: 289.7ms | ActiveRecord: 0.0ms)


Started GET "/assets/application.self-ab356370fef174a2f193f309d81ef55b38caf85d917b1d2acc85fb312261f770.css?body=1" for 127.0.0.1 at 2020-03-27 14:03:39 -0700
Started GET "/" for 127.0.0.1 at 2020-03-27 14:04:36 -0700
Processing by StaticPagesController#index as HTML
  Rendering static_pages/index.html.erb within layouts/application
  Rendered shared/_main_nav.html.erb (0.3ms)
  Rendered shared/_masthead.html.erb (0.5ms)
  Rendered shared/_sections_nav.html.erb (0.3ms)
  Rendered shared/_search_modal.html.erb (0.3ms)
  Rendered shared/_main_content.html.erb (0.2ms)
  Rendered static_pages/index.html.erb within layouts/application (18.1ms)
Completed 200 OK in 47ms (Views: 43.5ms | ActiveRecord: 0.0ms)


Started GET "/assets/application.self-ab356370fef174a2f193f309d81ef55b38caf85d917b1d2acc85fb312261f770.css?body=1&livereload=1585343081166" for ::1 at 2020-03-27 14:04:41 -0700
Started GET "/assets/application.self-ab356370fef174a2f193f309d81ef55b38caf85d917b1d2acc85fb312261f770.css?body=1&livereload=1585343081169" for ::1 at 2020-03-27 14:04:41 -0700
Started GET "/" for ::1 at 2020-03-27 14:04:43 -0700
Processing by StaticPagesController#index as HTML
  Rendering static_pages/index.html.erb within layouts/application
  Rendered shared/_main_nav.html.erb (0.4ms)
  Rendered shared/_masthead.html.erb (0.6ms)
  Rendered shared/_sections_nav.html.erb (0.4ms)
  Rendered shared/_search_modal.html.erb (2.9ms)
  Rendered shared/_main_content.html.erb (1.1ms)
  Rendered static_pages/index.html.erb within layouts/application (67.4ms)
Completed 200 OK in 216ms (Views: 210.6ms | ActiveRecord: 0.0ms)


Started GET "/assets/application.self-59ab7bc535bf99f7abe33ea865cd8fa0a2193cd07a07f50ed0b925e548f59640.css?body=1" for ::1 at 2020-03-27 14:04:43 -0700
Started GET "/" for 127.0.0.1 at 2020-03-27 14:04:43 -0700
Processing by StaticPagesController#index as HTML
  Rendering static_pages/index.html.erb within layouts/application
  Rendered shared/_main_nav.html.erb (0.6ms)
  Rendered shared/_masthead.html.erb (0.4ms)
  Rendered shared/_sections_nav.html.erb (0.5ms)
  Rendered shared/_search_modal.html.erb (0.3ms)
  Rendered shared/_main_content.html.erb (0.4ms)
  Rendered static_pages/index.html.erb within layouts/application (74.3ms)
Completed 200 OK in 205ms (Views: 198.9ms | ActiveRecord: 0.0ms)


Started GET "/assets/application.self-59ab7bc535bf99f7abe33ea865cd8fa0a2193cd07a07f50ed0b925e548f59640.css?body=1" for 127.0.0.1 at 2020-03-27 14:04:44 -0700
Started GET "/assets/application.self-59ab7bc535bf99f7abe33ea865cd8fa0a2193cd07a07f50ed0b925e548f59640.css?body=1&livereload=1585343120640" for ::1 at 2020-03-27 14:05:20 -0700
Started GET "/assets/application.self-59ab7bc535bf99f7abe33ea865cd8fa0a2193cd07a07f50ed0b925e548f59640.css?body=1&livereload=1585343120642" for ::1 at 2020-03-27 14:05:20 -0700
Started GET "/" for ::1 at 2020-03-27 14:05:22 -0700
Processing by StaticPagesController#index as HTML
  Rendering static_pages/index.html.erb within layouts/application
  Rendered shared/_main_nav.html.erb (0.7ms)
  Rendered shared/_masthead.html.erb (0.5ms)
Started GET "/" for 127.0.0.1 at 2020-03-27 14:05:22 -0700
  Rendered shared/_sections_nav.html.erb (0.4ms)
  Rendered shared/_search_modal.html.erb (2.4ms)
  Rendered shared/_main_content.html.erb (0.4ms)
  Rendered static_pages/index.html.erb within layouts/application (46.9ms)
Processing by StaticPagesController#index as HTML
  Rendering static_pages/index.html.erb within layouts/application
  Rendered shared/_main_nav.html.erb (0.4ms)
  Rendered shared/_masthead.html.erb (0.6ms)
  Rendered shared/_sections_nav.html.erb (0.5ms)
  Rendered shared/_search_modal.html.erb (0.4ms)
  Rendered shared/_main_content.html.erb (0.3ms)
  Rendered static_pages/index.html.erb within layouts/application (45.8ms)
Completed 200 OK in 134ms (Views: 127.8ms | ActiveRecord: 0.0ms)


Completed 200 OK in 239ms (Views: 235.6ms | ActiveRecord: 0.0ms)


Started GET "/assets/application.self-270c82b585e9c7dc32f6f8556ebbb1c1921cb4a607147ff8f65eff16cae55adb.css?body=1" for ::1 at 2020-03-27 14:05:22 -0700
Started GET "/assets/application.self-270c82b585e9c7dc32f6f8556ebbb1c1921cb4a607147ff8f65eff16cae55adb.css?body=1" for 127.0.0.1 at 2020-03-27 14:05:22 -0700
Started GET "/assets/application.self-270c82b585e9c7dc32f6f8556ebbb1c1921cb4a607147ff8f65eff16cae55adb.css?body=1&livereload=1585343267551" for ::1 at 2020-03-27 14:07:47 -0700
Started GET "/assets/application.self-270c82b585e9c7dc32f6f8556ebbb1c1921cb4a607147ff8f65eff16cae55adb.css?body=1&livereload=1585343267557" for ::1 at 2020-03-27 14:07:47 -0700
Started GET "/" for 127.0.0.1 at 2020-03-27 14:07:51 -0700
Processing by StaticPagesController#index as HTML
  Rendering static_pages/index.html.erb within layouts/application
  Rendered shared/_main_nav.html.erb (0.3ms)
  Rendered shared/_masthead.html.erb (0.4ms)
  Rendered shared/_sections_nav.html.erb (0.5ms)
  Rendered shared/_search_modal.html.erb (1.7ms)
  Rendered shared/_main_content.html.erb (0.4ms)
  Rendered static_pages/index.html.erb within layouts/application (48.2ms)
Completed 200 OK in 102ms (Views: 98.2ms | ActiveRecord: 0.0ms)


Started GET "/" for ::1 at 2020-03-27 14:07:52 -0700
Processing by StaticPagesController#index as HTML
  Rendering static_pages/index.html.erb within layouts/application
  Rendered shared/_main_nav.html.erb (0.5ms)
  Rendered shared/_masthead.html.erb (0.5ms)
  Rendered shared/_sections_nav.html.erb (0.8ms)
  Rendered shared/_search_modal.html.erb (0.4ms)
  Rendered shared/_main_content.html.erb (0.4ms)
  Rendered static_pages/index.html.erb within layouts/application (227.0ms)
Started GET "/assets/application.self-bb028a07bdbf0f9f75f8914612ff94f7f917482dde1de7e3582c2f9ca5289066.css?body=1" for 127.0.0.1 at 2020-03-27 14:07:52 -0700
Completed 200 OK in 306ms (Views: 289.1ms | ActiveRecord: 0.0ms)


Started GET "/assets/application.self-bb028a07bdbf0f9f75f8914612ff94f7f917482dde1de7e3582c2f9ca5289066.css?body=1" for ::1 at 2020-03-27 14:07:52 -0700
Started GET "/" for ::1 at 2020-03-27 14:07:54 -0700
Processing by StaticPagesController#index as HTML
  Rendering static_pages/index.html.erb within layouts/application
  Rendered shared/_main_nav.html.erb (0.4ms)
  Rendered shared/_masthead.html.erb (0.3ms)
  Rendered shared/_sections_nav.html.erb (0.4ms)
  Rendered shared/_search_modal.html.erb (0.2ms)
  Rendered shared/_main_content.html.erb (0.4ms)
  Rendered static_pages/index.html.erb within layouts/application (25.1ms)
Completed 200 OK in 72ms (Views: 70.0ms | ActiveRecord: 0.0ms)


Started GET "/assets/application.self-bb028a07bdbf0f9f75f8914612ff94f7f917482dde1de7e3582c2f9ca5289066.css?body=1&livereload=1585343281149" for ::1 at 2020-03-27 14:08:01 -0700
Started GET "/assets/application.self-bb028a07bdbf0f9f75f8914612ff94f7f917482dde1de7e3582c2f9ca5289066.css?body=1&livereload=1585343281155" for ::1 at 2020-03-27 14:08:01 -0700
Started GET "/" for 127.0.0.1 at 2020-03-27 14:08:01 -0700
Processing by StaticPagesController#index as HTML
  Rendering static_pages/index.html.erb within layouts/application
  Rendered shared/_main_nav.html.erb (0.4ms)
  Rendered shared/_masthead.html.erb (0.4ms)
  Rendered shared/_sections_nav.html.erb (0.4ms)
  Rendered shared/_search_modal.html.erb (1.5ms)
  Rendered shared/_main_content.html.erb (0.8ms)
  Rendered static_pages/index.html.erb within layouts/application (32.1ms)
Started GET "/" for ::1 at 2020-03-27 14:08:02 -0700
Processing by StaticPagesController#index as HTML
  Rendering static_pages/index.html.erb within layouts/application
  Rendered shared/_main_nav.html.erb (0.5ms)
  Rendered shared/_masthead.html.erb (0.4ms)
  Rendered shared/_sections_nav.html.erb (0.3ms)
  Rendered shared/_search_modal.html.erb (0.3ms)
  Rendered shared/_main_content.html.erb (0.4ms)
  Rendered static_pages/index.html.erb within layouts/application (36.1ms)
Completed 200 OK in 123ms (Views: 119.2ms | ActiveRecord: 0.0ms)


Completed 200 OK in 714ms (Views: 704.3ms | ActiveRecord: 0.0ms)


Started GET "/assets/application.self-1c3a19b36f1bb2e09bbb57f8f788544a2685d92760bc5f4d291f9dbf40c4be01.css?body=1" for ::1 at 2020-03-27 14:08:02 -0700
Started GET "/assets/application.self-1c3a19b36f1bb2e09bbb57f8f788544a2685d92760bc5f4d291f9dbf40c4be01.css?body=1" for 127.0.0.1 at 2020-03-27 14:08:02 -0700
Started GET "/assets/application.self-1c3a19b36f1bb2e09bbb57f8f788544a2685d92760bc5f4d291f9dbf40c4be01.css?body=1&livereload=1585343323557" for ::1 at 2020-03-27 14:08:43 -0700
Started GET "/assets/application.self-1c3a19b36f1bb2e09bbb57f8f788544a2685d92760bc5f4d291f9dbf40c4be01.css?body=1&livereload=1585343323564" for ::1 at 2020-03-27 14:08:43 -0700
Started GET "/" for 127.0.0.1 at 2020-03-27 14:08:45 -0700
Processing by StaticPagesController#index as HTML
  Rendering static_pages/index.html.erb within layouts/application
  Rendered shared/_main_nav.html.erb (0.4ms)
  Rendered shared/_masthead.html.erb (0.5ms)
  Rendered shared/_sections_nav.html.erb (0.5ms)
  Rendered shared/_search_modal.html.erb (0.3ms)
  Rendered shared/_main_content.html.erb (27.9ms)
  Rendered static_pages/index.html.erb within layouts/application (94.4ms)
Completed 200 OK in 360ms (Views: 342.7ms | ActiveRecord: 0.0ms)


Started GET "/" for ::1 at 2020-03-27 14:08:46 -0700
Processing by StaticPagesController#index as HTML
  Rendering static_pages/index.html.erb within layouts/application
  Rendered shared/_main_nav.html.erb (0.4ms)
  Rendered shared/_masthead.html.erb (0.4ms)
  Rendered shared/_sections_nav.html.erb (0.5ms)
  Rendered shared/_search_modal.html.erb (0.9ms)
  Rendered shared/_main_content.html.erb (0.5ms)
  Rendered static_pages/index.html.erb within layouts/application (57.2ms)
Completed 200 OK in 122ms (Views: 114.5ms | ActiveRecord: 0.0ms)


Started GET "/assets/application.self-e92a892572a0965c74e32e7223e318b0abea88bacd35b43075b6b3067adfd1fa.css?body=1" for 127.0.0.1 at 2020-03-27 14:08:46 -0700
Started GET "/assets/application.self-e92a892572a0965c74e32e7223e318b0abea88bacd35b43075b6b3067adfd1fa.css?body=1" for ::1 at 2020-03-27 14:08:46 -0700
Started GET "/" for 127.0.0.1 at 2020-03-27 14:10:35 -0700
Processing by StaticPagesController#index as HTML
  Rendering static_pages/index.html.erb within layouts/application
  Rendered shared/_main_nav.html.erb (0.2ms)
  Rendered shared/_masthead.html.erb (0.2ms)
  Rendered shared/_sections_nav.html.erb (0.3ms)
  Rendered shared/_search_modal.html.erb (0.2ms)
  Rendered shared/_main_content.html.erb (0.2ms)
  Rendered static_pages/index.html.erb within layouts/application (12.3ms)
Completed 200 OK in 48ms (Views: 41.5ms | ActiveRecord: 0.0ms)


Started GET "/assets/application.self-e92a892572a0965c74e32e7223e318b0abea88bacd35b43075b6b3067adfd1fa.css?body=1&livereload=1585343436684" for ::1 at 2020-03-27 14:10:36 -0700
Started GET "/assets/application.self-e92a892572a0965c74e32e7223e318b0abea88bacd35b43075b6b3067adfd1fa.css?body=1&livereload=1585343436686" for ::1 at 2020-03-27 14:10:36 -0700
Started GET "/" for 127.0.0.1 at 2020-03-27 14:10:38 -0700
Processing by StaticPagesController#index as HTML
  Rendering static_pages/index.html.erb within layouts/application
  Rendered shared/_main_nav.html.erb (0.4ms)
  Rendered shared/_masthead.html.erb (0.4ms)
  Rendered shared/_sections_nav.html.erb (0.5ms)
  Rendered shared/_search_modal.html.erb (0.4ms)
  Rendered shared/_main_content.html.erb (0.7ms)
  Rendered static_pages/index.html.erb within layouts/application (23.0ms)
Completed 200 OK in 70ms (Views: 66.3ms | ActiveRecord: 0.0ms)


Started GET "/assets/application.self-46f0410dd3b071588b8a95f759e8a3839daa44ef8caf62aefff35204789fc623.css?body=1" for 127.0.0.1 at 2020-03-27 14:10:39 -0700
Started GET "/" for ::1 at 2020-03-27 14:10:40 -0700
Processing by StaticPagesController#index as HTML
  Rendering static_pages/index.html.erb within layouts/application
  Rendered shared/_main_nav.html.erb (0.6ms)
  Rendered shared/_masthead.html.erb (0.7ms)
  Rendered shared/_sections_nav.html.erb (0.3ms)
  Rendered shared/_search_modal.html.erb (0.5ms)
  Rendered shared/_main_content.html.erb (3.7ms)
  Rendered static_pages/index.html.erb within layouts/application (30.4ms)
Completed 200 OK in 71ms (Views: 67.5ms | ActiveRecord: 0.0ms)


Started GET "/assets/application.self-46f0410dd3b071588b8a95f759e8a3839daa44ef8caf62aefff35204789fc623.css?body=1" for ::1 at 2020-03-27 14:10:40 -0700
Started GET "/" for 127.0.0.1 at 2020-03-27 14:10:42 -0700
Processing by StaticPagesController#index as HTML
  Rendering static_pages/index.html.erb within layouts/application
  Rendered shared/_main_nav.html.erb (0.2ms)
  Rendered shared/_masthead.html.erb (0.3ms)
  Rendered shared/_sections_nav.html.erb (0.2ms)
  Rendered shared/_search_modal.html.erb (0.2ms)
  Rendered shared/_main_content.html.erb (0.2ms)
  Rendered static_pages/index.html.erb within layouts/application (11.8ms)
Completed 200 OK in 40ms (Views: 36.8ms | ActiveRecord: 0.0ms)


Started GET "/assets/application.self-46f0410dd3b071588b8a95f759e8a3839daa44ef8caf62aefff35204789fc623.css?body=1&livereload=1585343472404" for ::1 at 2020-03-27 14:11:12 -0700
Started GET "/assets/application.self-46f0410dd3b071588b8a95f759e8a3839daa44ef8caf62aefff35204789fc623.css?body=1&livereload=1585343472407" for ::1 at 2020-03-27 14:11:12 -0700
Started GET "/assets/application.self-46f0410dd3b071588b8a95f759e8a3839daa44ef8caf62aefff35204789fc623.css?body=1&livereload=1585343524652" for ::1 at 2020-03-27 14:12:04 -0700
Started GET "/assets/application.self-46f0410dd3b071588b8a95f759e8a3839daa44ef8caf62aefff35204789fc623.css?body=1&livereload=1585343524650" for ::1 at 2020-03-27 14:12:04 -0700
Started GET "/" for ::1 at 2020-03-27 14:12:05 -0700
Processing by StaticPagesController#index as HTML
  Rendering static_pages/index.html.erb within layouts/application
  Rendered shared/_main_nav.html.erb (0.5ms)
  Rendered shared/_masthead.html.erb (0.5ms)
  Rendered shared/_sections_nav.html.erb (0.2ms)
  Rendered shared/_search_modal.html.erb (0.5ms)
  Rendered shared/_main_content.html.erb (0.6ms)
  Rendered static_pages/index.html.erb within layouts/application (27.2ms)
Completed 200 OK in 150ms (Views: 135.0ms | ActiveRecord: 0.0ms)


Started GET "/assets/application.self-e95e27a4a057697d9ef958ca156117b4574a043776701ccb76403308563652dc.css?body=1" for ::1 at 2020-03-27 14:12:06 -0700
Started GET "/" for 127.0.0.1 at 2020-03-27 14:12:06 -0700
Processing by StaticPagesController#index as HTML
  Rendering static_pages/index.html.erb within layouts/application
  Rendered shared/_main_nav.html.erb (0.5ms)
  Rendered shared/_masthead.html.erb (1.1ms)
  Rendered shared/_sections_nav.html.erb (0.4ms)
  Rendered shared/_search_modal.html.erb (0.4ms)
  Rendered shared/_main_content.html.erb (0.5ms)
  Rendered static_pages/index.html.erb within layouts/application (43.8ms)
Completed 200 OK in 111ms (Views: 105.7ms | ActiveRecord: 0.0ms)


Started GET "/assets/application.self-e95e27a4a057697d9ef958ca156117b4574a043776701ccb76403308563652dc.css?body=1" for 127.0.0.1 at 2020-03-27 14:12:07 -0700
Started GET "/" for 127.0.0.1 at 2020-03-27 14:12:10 -0700
Processing by StaticPagesController#index as HTML
  Rendering static_pages/index.html.erb within layouts/application
  Rendered shared/_main_nav.html.erb (0.2ms)
  Rendered shared/_masthead.html.erb (0.2ms)
  Rendered shared/_sections_nav.html.erb (0.3ms)
  Rendered shared/_search_modal.html.erb (0.5ms)
  Rendered shared/_main_content.html.erb (0.3ms)
  Rendered static_pages/index.html.erb within layouts/application (13.7ms)
Completed 200 OK in 55ms (Views: 52.4ms | ActiveRecord: 0.0ms)


Started GET "/assets/application.self-e95e27a4a057697d9ef958ca156117b4574a043776701ccb76403308563652dc.css?body=1&livereload=1585343532433" for ::1 at 2020-03-27 14:12:12 -0700
Started GET "/assets/application.self-e95e27a4a057697d9ef958ca156117b4574a043776701ccb76403308563652dc.css?body=1&livereload=1585343532437" for ::1 at 2020-03-27 14:12:12 -0700
Started GET "/" for 127.0.0.1 at 2020-03-27 14:12:14 -0700
Processing by StaticPagesController#index as HTML
  Rendering static_pages/index.html.erb within layouts/application
  Rendered shared/_main_nav.html.erb (0.4ms)
  Rendered shared/_masthead.html.erb (0.4ms)
  Rendered shared/_sections_nav.html.erb (0.4ms)
  Rendered shared/_search_modal.html.erb (0.2ms)
  Rendered shared/_main_content.html.erb (0.3ms)
  Rendered static_pages/index.html.erb within layouts/application (65.9ms)
Completed 200 OK in 147ms (Views: 142.4ms | ActiveRecord: 0.0ms)


Started GET "/assets/application.self-8e64363473c2532eac569271fa5f9a812c60e31cd21dbcc63e2d22feea01d144.css?body=1" for 127.0.0.1 at 2020-03-27 14:12:14 -0700
Started GET "/" for 127.0.0.1 at 2020-03-27 14:12:43 -0700
Processing by StaticPagesController#index as HTML
  Rendering static_pages/index.html.erb within layouts/application
  Rendered shared/_main_nav.html.erb (0.4ms)
  Rendered shared/_masthead.html.erb (0.3ms)
  Rendered shared/_sections_nav.html.erb (0.3ms)
  Rendered shared/_search_modal.html.erb (0.2ms)
  Rendered shared/_main_content.html.erb (0.3ms)
  Rendered static_pages/index.html.erb within layouts/application (13.6ms)
Completed 200 OK in 41ms (Views: 38.6ms | ActiveRecord: 0.0ms)


Started GET "/assets/application.self-e95e27a4a057697d9ef958ca156117b4574a043776701ccb76403308563652dc.css?body=1&livereload=1585343568409" for ::1 at 2020-03-27 14:12:48 -0700
Started GET "/assets/application.self-e95e27a4a057697d9ef958ca156117b4574a043776701ccb76403308563652dc.css?body=1&livereload=1585343568416" for ::1 at 2020-03-27 14:12:48 -0700
Started GET "/" for 127.0.0.1 at 2020-03-27 14:12:49 -0700
Processing by StaticPagesController#index as HTML
  Rendering static_pages/index.html.erb within layouts/application
  Rendered shared/_main_nav.html.erb (0.3ms)
  Rendered shared/_masthead.html.erb (0.2ms)
  Rendered shared/_sections_nav.html.erb (0.4ms)
  Rendered shared/_search_modal.html.erb (0.7ms)
  Rendered shared/_main_content.html.erb (0.4ms)
  Rendered static_pages/index.html.erb within layouts/application (15.0ms)
Completed 200 OK in 62ms (Views: 59.8ms | ActiveRecord: 0.0ms)


Started GET "/assets/application.self-ed5e814b7778e72b2bc0e57b7fd0247e890ee3c4079864b174a86d43b5ca01c3.css?body=1" for 127.0.0.1 at 2020-03-27 14:12:50 -0700
Started GET "/assets/application.self-e95e27a4a057697d9ef958ca156117b4574a043776701ccb76403308563652dc.css?body=1&livereload=1585343575190" for ::1 at 2020-03-27 14:12:55 -0700
Started GET "/assets/application.self-e95e27a4a057697d9ef958ca156117b4574a043776701ccb76403308563652dc.css?body=1&livereload=1585343575194" for ::1 at 2020-03-27 14:12:55 -0700
Started GET "/" for 127.0.0.1 at 2020-03-27 14:12:56 -0700
Processing by StaticPagesController#index as HTML
  Rendering static_pages/index.html.erb within layouts/application
  Rendered shared/_main_nav.html.erb (0.3ms)
  Rendered shared/_masthead.html.erb (0.2ms)
  Rendered shared/_sections_nav.html.erb (0.2ms)
  Rendered shared/_search_modal.html.erb (0.3ms)
  Rendered shared/_main_content.html.erb (0.3ms)
  Rendered static_pages/index.html.erb within layouts/application (11.9ms)
Completed 200 OK in 37ms (Views: 35.2ms | ActiveRecord: 0.0ms)


Started GET "/assets/application.self-471714921c8942f5032be508924a252335e227718c6c6e9b037ca8a4b8ff8241.css?body=1" for 127.0.0.1 at 2020-03-27 14:12:56 -0700
Started GET "/assets/application.self-e95e27a4a057697d9ef958ca156117b4574a043776701ccb76403308563652dc.css?body=1&livereload=1585343597301" for ::1 at 2020-03-27 14:13:17 -0700
Started GET "/assets/application.self-e95e27a4a057697d9ef958ca156117b4574a043776701ccb76403308563652dc.css?body=1&livereload=1585343597304" for ::1 at 2020-03-27 14:13:17 -0700
Started GET "/" for ::1 at 2020-03-27 14:13:19 -0700
Processing by StaticPagesController#index as HTML
  Rendering static_pages/index.html.erb within layouts/application
  Rendered shared/_main_nav.html.erb (0.5ms)
  Rendered shared/_masthead.html.erb (2.2ms)
  Rendered shared/_sections_nav.html.erb (0.4ms)
  Rendered shared/_search_modal.html.erb (0.2ms)
  Rendered shared/_main_content.html.erb (0.4ms)
  Rendered static_pages/index.html.erb within layouts/application (30.7ms)
Completed 200 OK in 93ms (Views: 90.1ms | ActiveRecord: 0.0ms)


Started GET "/assets/application.self-df8c00a6ab73e030d2c58838800eeeaa1a639219cee31f3f2c34408d56749eeb.css?body=1" for ::1 at 2020-03-27 14:13:19 -0700
Started GET "/assets/application.self-df8c00a6ab73e030d2c58838800eeeaa1a639219cee31f3f2c34408d56749eeb.css?body=1&livereload=1585343672714" for ::1 at 2020-03-27 14:14:32 -0700
Started GET "/assets/application.self-df8c00a6ab73e030d2c58838800eeeaa1a639219cee31f3f2c34408d56749eeb.css?body=1&livereload=1585343672711" for ::1 at 2020-03-27 14:14:32 -0700
Started GET "/" for 127.0.0.1 at 2020-03-27 14:14:34 -0700
Processing by StaticPagesController#index as HTML
  Rendering static_pages/index.html.erb within layouts/application
  Rendered shared/_main_nav.html.erb (0.7ms)
  Rendered shared/_masthead.html.erb (0.4ms)
  Rendered shared/_sections_nav.html.erb (1.1ms)
  Rendered shared/_search_modal.html.erb (0.4ms)
  Rendered shared/_main_content.html.erb (0.4ms)
  Rendered static_pages/index.html.erb within layouts/application (48.0ms)
Completed 200 OK in 318ms (Views: 305.6ms | ActiveRecord: 0.0ms)


Started GET "/assets/application.self-f5616892157359c44153020ef0bd2b7232e8e96ec57bf6949fed9954f4d33084.css?body=1" for 127.0.0.1 at 2020-03-27 14:14:35 -0700
Started GET "/assets/application.self-df8c00a6ab73e030d2c58838800eeeaa1a639219cee31f3f2c34408d56749eeb.css?body=1&livereload=1585343696975" for ::1 at 2020-03-27 14:14:56 -0700
Started GET "/assets/application.self-df8c00a6ab73e030d2c58838800eeeaa1a639219cee31f3f2c34408d56749eeb.css?body=1&livereload=1585343696973" for ::1 at 2020-03-27 14:14:56 -0700
Started GET "/" for 127.0.0.1 at 2020-03-27 14:14:58 -0700
Processing by StaticPagesController#index as HTML
  Rendering static_pages/index.html.erb within layouts/application
  Rendered shared/_main_nav.html.erb (0.8ms)
  Rendered shared/_masthead.html.erb (0.4ms)
  Rendered shared/_sections_nav.html.erb (0.4ms)
  Rendered shared/_search_modal.html.erb (0.4ms)
  Rendered shared/_main_content.html.erb (0.3ms)
  Rendered static_pages/index.html.erb within layouts/application (50.4ms)
Completed 200 OK in 181ms (Views: 178.3ms | ActiveRecord: 0.0ms)


Started GET "/assets/application.self-94dd1666e52d119341ed37c79e63e1c5e02c4a628c425e8b627ad366d924c496.css?body=1" for 127.0.0.1 at 2020-03-27 14:14:58 -0700
Started GET "/assets/application.self-df8c00a6ab73e030d2c58838800eeeaa1a639219cee31f3f2c34408d56749eeb.css?body=1&livereload=1585343708445" for ::1 at 2020-03-27 14:15:08 -0700
Started GET "/assets/application.self-df8c00a6ab73e030d2c58838800eeeaa1a639219cee31f3f2c34408d56749eeb.css?body=1&livereload=1585343708449" for ::1 at 2020-03-27 14:15:08 -0700
Started GET "/" for 127.0.0.1 at 2020-03-27 14:15:09 -0700
Processing by StaticPagesController#index as HTML
  Rendering static_pages/index.html.erb within layouts/application
  Rendered shared/_main_nav.html.erb (0.3ms)
  Rendered shared/_masthead.html.erb (0.2ms)
  Rendered shared/_sections_nav.html.erb (0.2ms)
  Rendered shared/_search_modal.html.erb (0.4ms)
  Rendered shared/_main_content.html.erb (0.4ms)
  Rendered static_pages/index.html.erb within layouts/application (25.5ms)
Completed 200 OK in 143ms (Views: 137.0ms | ActiveRecord: 0.0ms)


Started GET "/assets/application.self-6fbf0e86bc7c844435c13bdd4744787d67b21b59a1e407b97e019cb8581ffd81.css?body=1" for 127.0.0.1 at 2020-03-27 14:15:09 -0700
Started GET "/assets/application.self-df8c00a6ab73e030d2c58838800eeeaa1a639219cee31f3f2c34408d56749eeb.css?body=1&livereload=1585343852031" for ::1 at 2020-03-27 14:17:32 -0700
Started GET "/assets/application.self-df8c00a6ab73e030d2c58838800eeeaa1a639219cee31f3f2c34408d56749eeb.css?body=1&livereload=1585343852034" for ::1 at 2020-03-27 14:17:32 -0700
Started GET "/" for 127.0.0.1 at 2020-03-27 14:17:32 -0700
Processing by StaticPagesController#index as HTML
  Rendering static_pages/index.html.erb within layouts/application
  Rendered shared/_main_nav.html.erb (0.5ms)
  Rendered shared/_masthead.html.erb (0.3ms)
  Rendered shared/_sections_nav.html.erb (0.3ms)
  Rendered shared/_search_modal.html.erb (1.1ms)
  Rendered shared/_main_content.html.erb (0.8ms)
  Rendered static_pages/index.html.erb within layouts/application (24.4ms)
Completed 200 OK in 68ms (Views: 64.5ms | ActiveRecord: 0.0ms)


Started GET "/assets/application.self-2fc4f3d1de1f0e38cb1b3428197f37f16cf5fb7a8e1df74c8c8a036e05a00e7b.css?body=1" for 127.0.0.1 at 2020-03-27 14:17:33 -0700
Started GET "/" for 127.0.0.1 at 2020-03-27 14:17:36 -0700
Processing by StaticPagesController#index as HTML
  Rendering static_pages/index.html.erb within layouts/application
  Rendered shared/_main_nav.html.erb (0.8ms)
  Rendered shared/_masthead.html.erb (0.6ms)
  Rendered shared/_sections_nav.html.erb (0.3ms)
  Rendered shared/_search_modal.html.erb (0.5ms)
  Rendered shared/_main_content.html.erb (0.4ms)
  Rendered static_pages/index.html.erb within layouts/application (40.5ms)
Completed 200 OK in 145ms (Views: 138.3ms | ActiveRecord: 0.0ms)


Started GET "/assets/application.self-df8c00a6ab73e030d2c58838800eeeaa1a639219cee31f3f2c34408d56749eeb.css?body=1&livereload=1585343860254" for ::1 at 2020-03-27 14:17:40 -0700
Started GET "/assets/application.self-df8c00a6ab73e030d2c58838800eeeaa1a639219cee31f3f2c34408d56749eeb.css?body=1&livereload=1585343860259" for ::1 at 2020-03-27 14:17:40 -0700
Started GET "/" for 127.0.0.1 at 2020-03-27 14:17:41 -0700
Processing by StaticPagesController#index as HTML
  Rendering static_pages/index.html.erb within layouts/application
  Rendered shared/_main_nav.html.erb (1.0ms)
  Rendered shared/_masthead.html.erb (0.4ms)
  Rendered shared/_sections_nav.html.erb (0.4ms)
  Rendered shared/_search_modal.html.erb (0.4ms)
  Rendered shared/_main_content.html.erb (0.4ms)
  Rendered static_pages/index.html.erb within layouts/application (30.8ms)
Completed 200 OK in 72ms (Views: 69.1ms | ActiveRecord: 0.0ms)


Started GET "/assets/application.self-a9dde2248783ed9f71b7f108774c38e5507bc8d53e08ae754f3c015735f6210f.css?body=1" for 127.0.0.1 at 2020-03-27 14:17:41 -0700
Started GET "/assets/application.self-df8c00a6ab73e030d2c58838800eeeaa1a639219cee31f3f2c34408d56749eeb.css?body=1&livereload=1585343868899" for ::1 at 2020-03-27 14:17:48 -0700
Started GET "/assets/application.self-df8c00a6ab73e030d2c58838800eeeaa1a639219cee31f3f2c34408d56749eeb.css?body=1&livereload=1585343868901" for ::1 at 2020-03-27 14:17:48 -0700
Started GET "/" for 127.0.0.1 at 2020-03-27 14:17:49 -0700
Processing by StaticPagesController#index as HTML
  Rendering static_pages/index.html.erb within layouts/application
  Rendered shared/_main_nav.html.erb (0.3ms)
  Rendered shared/_masthead.html.erb (0.2ms)
  Rendered shared/_sections_nav.html.erb (0.2ms)
  Rendered shared/_search_modal.html.erb (0.3ms)
  Rendered shared/_main_content.html.erb (0.3ms)
  Rendered static_pages/index.html.erb within layouts/application (12.3ms)
Completed 200 OK in 38ms (Views: 36.0ms | ActiveRecord: 0.0ms)


Started GET "/assets/application.self-ae06297ba6e61f7fb4d61be8a1f40154954c89bf188ca4a9f3ee34b217e23853.css?body=1" for 127.0.0.1 at 2020-03-27 14:17:50 -0700
Started GET "/assets/application.self-df8c00a6ab73e030d2c58838800eeeaa1a639219cee31f3f2c34408d56749eeb.css?body=1&livereload=1585343876120" for ::1 at 2020-03-27 14:17:56 -0700
Started GET "/assets/application.self-df8c00a6ab73e030d2c58838800eeeaa1a639219cee31f3f2c34408d56749eeb.css?body=1&livereload=1585343876122" for ::1 at 2020-03-27 14:17:56 -0700
Started GET "/" for 127.0.0.1 at 2020-03-27 14:18:07 -0700
Processing by StaticPagesController#index as HTML
  Rendering static_pages/index.html.erb within layouts/application
  Rendered shared/_main_nav.html.erb (0.5ms)
  Rendered shared/_masthead.html.erb (0.4ms)
  Rendered shared/_sections_nav.html.erb (1.2ms)
  Rendered shared/_search_modal.html.erb (0.3ms)
  Rendered shared/_main_content.html.erb (0.8ms)
  Rendered static_pages/index.html.erb within layouts/application (24.2ms)
Completed 200 OK in 66ms (Views: 63.5ms | ActiveRecord: 0.0ms)


Started GET "/assets/application.self-6968817bc894f55796a6dfaf4bfb382768b1313c09ec22a1f12724b02e0c2560.css?body=1" for 127.0.0.1 at 2020-03-27 14:18:08 -0700
Started GET "/assets/application.self-df8c00a6ab73e030d2c58838800eeeaa1a639219cee31f3f2c34408d56749eeb.css?body=1&livereload=1585343888461" for ::1 at 2020-03-27 14:18:08 -0700
Started GET "/assets/application.self-df8c00a6ab73e030d2c58838800eeeaa1a639219cee31f3f2c34408d56749eeb.css?body=1&livereload=1585343888463" for ::1 at 2020-03-27 14:18:08 -0700
Started GET "/" for 127.0.0.1 at 2020-03-27 14:18:14 -0700
Processing by StaticPagesController#index as HTML
  Rendering static_pages/index.html.erb within layouts/application
  Rendered shared/_main_nav.html.erb (0.3ms)
  Rendered shared/_masthead.html.erb (0.3ms)
  Rendered shared/_sections_nav.html.erb (0.3ms)
  Rendered shared/_search_modal.html.erb (0.6ms)
  Rendered shared/_main_content.html.erb (0.3ms)
  Rendered static_pages/index.html.erb within layouts/application (17.7ms)
Completed 200 OK in 75ms (Views: 71.4ms | ActiveRecord: 0.0ms)


Started GET "/assets/application.self-6e68c799f3753caea320aba5bf474cd602e8fb77e181a6b0ae2b098a3d1e23d9.css?body=1" for 127.0.0.1 at 2020-03-27 14:18:14 -0700
Started GET "/assets/application.self-df8c00a6ab73e030d2c58838800eeeaa1a639219cee31f3f2c34408d56749eeb.css?body=1&livereload=1585343908446" for ::1 at 2020-03-27 14:18:28 -0700
Started GET "/assets/application.self-df8c00a6ab73e030d2c58838800eeeaa1a639219cee31f3f2c34408d56749eeb.css?body=1&livereload=1585343908456" for ::1 at 2020-03-27 14:18:28 -0700
Started GET "/" for ::1 at 2020-03-27 14:18:30 -0700
Processing by StaticPagesController#index as HTML
  Rendering static_pages/index.html.erb within layouts/application
  Rendered shared/_main_nav.html.erb (0.5ms)
  Rendered shared/_masthead.html.erb (0.7ms)
  Rendered shared/_sections_nav.html.erb (0.6ms)
  Rendered shared/_search_modal.html.erb (0.3ms)
  Rendered shared/_main_content.html.erb (11.0ms)
  Rendered static_pages/index.html.erb within layouts/application (54.7ms)
Completed 200 OK in 121ms (Views: 117.8ms | ActiveRecord: 0.0ms)


Started GET "/assets/application.self-4072357e8abb2b395b866bacd8bde507a1803a20a768d514c3f2b568f2a8a4e0.css?body=1" for ::1 at 2020-03-27 14:18:30 -0700
Started GET "/assets/application.self-4072357e8abb2b395b866bacd8bde507a1803a20a768d514c3f2b568f2a8a4e0.css?body=1&livereload=1585343917231" for ::1 at 2020-03-27 14:18:37 -0700
Started GET "/assets/application.self-4072357e8abb2b395b866bacd8bde507a1803a20a768d514c3f2b568f2a8a4e0.css?body=1&livereload=1585343917229" for ::1 at 2020-03-27 14:18:37 -0700
Started GET "/" for ::1 at 2020-03-27 14:18:37 -0700
Processing by StaticPagesController#index as HTML
  Rendering static_pages/index.html.erb within layouts/application
  Rendered shared/_main_nav.html.erb (0.5ms)
  Rendered shared/_masthead.html.erb (0.4ms)
  Rendered shared/_sections_nav.html.erb (2.1ms)
  Rendered shared/_search_modal.html.erb (2.4ms)
  Rendered shared/_main_content.html.erb (0.4ms)
  Rendered static_pages/index.html.erb within layouts/application (59.9ms)
Completed 200 OK in 163ms (Views: 159.3ms | ActiveRecord: 0.0ms)


Started GET "/assets/application.self-ebfd73dc1a367ebf991f5b70791af676e438849ba5cc490c7f8ff227e36336b1.css?body=1" for ::1 at 2020-03-27 14:18:37 -0700
Started GET "/" for 127.0.0.1 at 2020-03-27 14:18:42 -0700
Processing by StaticPagesController#index as HTML
  Rendering static_pages/index.html.erb within layouts/application
  Rendered shared/_main_nav.html.erb (0.4ms)
  Rendered shared/_masthead.html.erb (0.4ms)
  Rendered shared/_sections_nav.html.erb (0.3ms)
  Rendered shared/_search_modal.html.erb (0.4ms)
  Rendered shared/_main_content.html.erb (0.4ms)
  Rendered static_pages/index.html.erb within layouts/application (18.8ms)
Completed 200 OK in 63ms (Views: 53.2ms | ActiveRecord: 0.0ms)


Started GET "/assets/application.self-ebfd73dc1a367ebf991f5b70791af676e438849ba5cc490c7f8ff227e36336b1.css?body=1" for 127.0.0.1 at 2020-03-27 14:18:43 -0700
Started GET "/assets/application.self-ebfd73dc1a367ebf991f5b70791af676e438849ba5cc490c7f8ff227e36336b1.css?body=1&livereload=1585343933483" for ::1 at 2020-03-27 14:18:53 -0700
Started GET "/assets/application.self-ebfd73dc1a367ebf991f5b70791af676e438849ba5cc490c7f8ff227e36336b1.css?body=1&livereload=1585343933480" for ::1 at 2020-03-27 14:18:53 -0700
Started GET "/" for 127.0.0.1 at 2020-03-27 14:18:55 -0700
Processing by StaticPagesController#index as HTML
  Rendering static_pages/index.html.erb within layouts/application
  Rendered shared/_main_nav.html.erb (0.3ms)
  Rendered shared/_masthead.html.erb (0.2ms)
  Rendered shared/_sections_nav.html.erb (0.4ms)
  Rendered shared/_search_modal.html.erb (0.2ms)
  Rendered shared/_main_content.html.erb (0.2ms)
  Rendered static_pages/index.html.erb within layouts/application (11.9ms)
Completed 200 OK in 86ms (Views: 83.3ms | ActiveRecord: 0.0ms)


Started GET "/assets/application.self-379e0ff6769158c4868f669e4db9a9c697a35900f30b3a7b9f51c71b39710288.css?body=1" for 127.0.0.1 at 2020-03-27 14:18:55 -0700
Started GET "/assets/application.self-ebfd73dc1a367ebf991f5b70791af676e438849ba5cc490c7f8ff227e36336b1.css?body=1&livereload=1585343978931" for ::1 at 2020-03-27 14:19:38 -0700
Started GET "/assets/application.self-ebfd73dc1a367ebf991f5b70791af676e438849ba5cc490c7f8ff227e36336b1.css?body=1&livereload=1585343978925" for ::1 at 2020-03-27 14:19:38 -0700
Started GET "/" for 127.0.0.1 at 2020-03-27 14:19:39 -0700
Processing by StaticPagesController#index as HTML
  Rendering static_pages/index.html.erb within layouts/application
  Rendered shared/_main_nav.html.erb (0.8ms)
  Rendered shared/_masthead.html.erb (0.3ms)
  Rendered shared/_sections_nav.html.erb (0.4ms)
  Rendered shared/_search_modal.html.erb (0.4ms)
  Rendered shared/_main_content.html.erb (0.3ms)
  Rendered static_pages/index.html.erb within layouts/application (19.3ms)
Completed 200 OK in 65ms (Views: 60.4ms | ActiveRecord: 0.0ms)


Started GET "/" for ::1 at 2020-03-27 14:19:40 -0700
Processing by StaticPagesController#index as HTML
  Rendering static_pages/index.html.erb within layouts/application
  Rendered shared/_main_nav.html.erb (0.7ms)
  Rendered shared/_masthead.html.erb (0.4ms)
  Rendered shared/_sections_nav.html.erb (0.3ms)
  Rendered shared/_search_modal.html.erb (0.4ms)
  Rendered shared/_main_content.html.erb (0.4ms)
  Rendered static_pages/index.html.erb within layouts/application (82.8ms)
Completed 200 OK in 143ms (Views: 132.9ms | ActiveRecord: 0.0ms)


Started GET "/assets/application.self-404ee26a1f56417ec00e8089196f0ed0de1c8a1cff606c2cd9c1541d6538a3fc.css?body=1" for ::1 at 2020-03-27 14:19:40 -0700
Started GET "/assets/application.self-404ee26a1f56417ec00e8089196f0ed0de1c8a1cff606c2cd9c1541d6538a3fc.css?body=1" for 127.0.0.1 at 2020-03-27 14:19:40 -0700
Started GET "/assets/application.self-404ee26a1f56417ec00e8089196f0ed0de1c8a1cff606c2cd9c1541d6538a3fc.css?body=1&livereload=1585343999820" for ::1 at 2020-03-27 14:19:59 -0700
Started GET "/assets/application.self-404ee26a1f56417ec00e8089196f0ed0de1c8a1cff606c2cd9c1541d6538a3fc.css?body=1&livereload=1585343999846" for ::1 at 2020-03-27 14:19:59 -0700
Started GET "/" for 127.0.0.1 at 2020-03-27 14:20:00 -0700
Processing by StaticPagesController#index as HTML
  Rendering static_pages/index.html.erb within layouts/application
  Rendered shared/_main_nav.html.erb (2.9ms)
  Rendered shared/_masthead.html.erb (0.4ms)
  Rendered shared/_sections_nav.html.erb (125.5ms)
  Rendered shared/_search_modal.html.erb (0.4ms)
  Rendered shared/_main_content.html.erb (0.3ms)
  Rendered static_pages/index.html.erb within layouts/application (202.8ms)
Completed 200 OK in 876ms (Views: 871.0ms | ActiveRecord: 0.0ms)


Started GET "/" for ::1 at 2020-03-27 14:20:01 -0700
Processing by StaticPagesController#index as HTML
  Rendering static_pages/index.html.erb within layouts/application
  Rendered shared/_main_nav.html.erb (2.7ms)
  Rendered shared/_masthead.html.erb (0.5ms)
  Rendered shared/_sections_nav.html.erb (0.4ms)
  Rendered shared/_search_modal.html.erb (0.4ms)
  Rendered shared/_main_content.html.erb (0.4ms)
  Rendered static_pages/index.html.erb within layouts/application (44.4ms)
Completed 200 OK in 94ms (Views: 88.9ms | ActiveRecord: 0.0ms)


Started GET "/assets/application.self-5c17f4a1d0aa484c63bd224bd2b9d640b251194b9393365fca30478a6502a1d8.css?body=1" for ::1 at 2020-03-27 14:20:01 -0700
Started GET "/assets/application.self-5c17f4a1d0aa484c63bd224bd2b9d640b251194b9393365fca30478a6502a1d8.css?body=1" for 127.0.0.1 at 2020-03-27 14:20:01 -0700
Started GET "/assets/application.self-5c17f4a1d0aa484c63bd224bd2b9d640b251194b9393365fca30478a6502a1d8.css?body=1&livereload=1585344035987" for ::1 at 2020-03-27 14:20:36 -0700
Started GET "/assets/application.self-5c17f4a1d0aa484c63bd224bd2b9d640b251194b9393365fca30478a6502a1d8.css?body=1&livereload=1585344035990" for ::1 at 2020-03-27 14:20:36 -0700
Started GET "/" for 127.0.0.1 at 2020-03-27 14:20:37 -0700
Processing by StaticPagesController#index as HTML
  Rendering static_pages/index.html.erb within layouts/application
  Rendered shared/_main_nav.html.erb (0.4ms)
  Rendered shared/_masthead.html.erb (0.4ms)
  Rendered shared/_sections_nav.html.erb (0.4ms)
  Rendered shared/_search_modal.html.erb (0.4ms)
  Rendered shared/_main_content.html.erb (0.4ms)
  Rendered static_pages/index.html.erb within layouts/application (29.4ms)
Completed 200 OK in 81ms (Views: 78.0ms | ActiveRecord: 0.0ms)


Started GET "/" for ::1 at 2020-03-27 14:20:37 -0700
Processing by StaticPagesController#index as HTML
  Rendering static_pages/index.html.erb within layouts/application
  Rendered shared/_main_nav.html.erb (0.5ms)
  Rendered shared/_masthead.html.erb (0.5ms)
  Rendered shared/_sections_nav.html.erb (0.3ms)
  Rendered shared/_search_modal.html.erb (0.9ms)
  Rendered shared/_main_content.html.erb (0.4ms)
  Rendered static_pages/index.html.erb within layouts/application (29.2ms)
Completed 200 OK in 105ms (Views: 86.3ms | ActiveRecord: 0.0ms)


Started GET "/assets/application.self-190d8f3a84a8686c606fb057cdcb01744138f334b77d90c7f60514a80dc7329b.css?body=1" for ::1 at 2020-03-27 14:20:37 -0700
Started GET "/assets/application.self-190d8f3a84a8686c606fb057cdcb01744138f334b77d90c7f60514a80dc7329b.css?body=1" for 127.0.0.1 at 2020-03-27 14:20:37 -0700
Started GET "/assets/application.self-190d8f3a84a8686c606fb057cdcb01744138f334b77d90c7f60514a80dc7329b.css?body=1&livereload=1585344061880" for ::1 at 2020-03-27 14:21:01 -0700
Started GET "/assets/application.self-190d8f3a84a8686c606fb057cdcb01744138f334b77d90c7f60514a80dc7329b.css?body=1&livereload=1585344061883" for ::1 at 2020-03-27 14:21:01 -0700
Started GET "/assets/application.self-190d8f3a84a8686c606fb057cdcb01744138f334b77d90c7f60514a80dc7329b.css?body=1&livereload=1585344090048" for ::1 at 2020-03-27 14:21:30 -0700
Started GET "/assets/application.self-190d8f3a84a8686c606fb057cdcb01744138f334b77d90c7f60514a80dc7329b.css?body=1&livereload=1585344090050" for ::1 at 2020-03-27 14:21:30 -0700
Started GET "/" for 127.0.0.1 at 2020-03-27 14:21:32 -0700
Processing by StaticPagesController#index as HTML
  Rendering static_pages/index.html.erb within layouts/application
  Rendered shared/_main_nav.html.erb (1.6ms)
  Rendered shared/_masthead.html.erb (1.2ms)
  Rendered shared/_sections_nav.html.erb (0.4ms)
  Rendered shared/_search_modal.html.erb (0.4ms)
  Rendered shared/_main_content.html.erb (0.5ms)
  Rendered static_pages/index.html.erb within layouts/application (100.3ms)
Completed 200 OK in 247ms (Views: 237.0ms | ActiveRecord: 0.0ms)


Started GET "/assets/application.self-db1c74f480e63967fff916aa609a44bf3117ad868300ca06e7ee3663eb69aba1.css?body=1" for 127.0.0.1 at 2020-03-27 14:21:33 -0700
Started GET "/assets/application.self-190d8f3a84a8686c606fb057cdcb01744138f334b77d90c7f60514a80dc7329b.css?body=1&livereload=1585344102967" for ::1 at 2020-03-27 14:21:43 -0700
Started GET "/assets/application.self-190d8f3a84a8686c606fb057cdcb01744138f334b77d90c7f60514a80dc7329b.css?body=1&livereload=1585344102986" for ::1 at 2020-03-27 14:21:43 -0700
Started GET "/" for 127.0.0.1 at 2020-03-27 14:21:47 -0700
Processing by StaticPagesController#index as HTML
  Rendering static_pages/index.html.erb within layouts/application
  Rendered shared/_main_nav.html.erb (0.6ms)
  Rendered shared/_masthead.html.erb (0.5ms)
  Rendered shared/_sections_nav.html.erb (0.9ms)
  Rendered shared/_search_modal.html.erb (0.4ms)
  Rendered shared/_main_content.html.erb (4.0ms)
  Rendered static_pages/index.html.erb within layouts/application (39.0ms)
Completed 200 OK in 108ms (Views: 102.7ms | ActiveRecord: 0.0ms)


Started GET "/assets/application.self-6225409d23fbca692c93d00a92df944dc47da3365744263ef8cf862008eaca6b.css?body=1" for 127.0.0.1 at 2020-03-27 14:21:47 -0700
Started GET "/" for 127.0.0.1 at 2020-03-27 14:22:13 -0700
Processing by StaticPagesController#index as HTML
  Rendering static_pages/index.html.erb within layouts/application
  Rendered shared/_main_nav.html.erb (0.3ms)
  Rendered shared/_masthead.html.erb (0.6ms)
  Rendered shared/_sections_nav.html.erb (0.4ms)
  Rendered shared/_search_modal.html.erb (0.3ms)
  Rendered shared/_main_content.html.erb (0.3ms)
  Rendered static_pages/index.html.erb within layouts/application (30.8ms)
Completed 200 OK in 61ms (Views: 58.7ms | ActiveRecord: 0.0ms)


Started GET "/assets/application.self-190d8f3a84a8686c606fb057cdcb01744138f334b77d90c7f60514a80dc7329b.css?body=1&livereload=1585344135117" for ::1 at 2020-03-27 14:22:15 -0700
Started GET "/assets/application.self-190d8f3a84a8686c606fb057cdcb01744138f334b77d90c7f60514a80dc7329b.css?body=1&livereload=1585344135120" for ::1 at 2020-03-27 14:22:15 -0700
Started GET "/" for 127.0.0.1 at 2020-03-27 14:22:17 -0700
Processing by StaticPagesController#index as HTML
  Rendering static_pages/index.html.erb within layouts/application
  Rendered shared/_main_nav.html.erb (0.5ms)
  Rendered shared/_masthead.html.erb (2.8ms)
  Rendered shared/_sections_nav.html.erb (0.9ms)
  Rendered shared/_search_modal.html.erb (0.5ms)
  Rendered shared/_main_content.html.erb (0.4ms)
  Rendered static_pages/index.html.erb within layouts/application (86.8ms)
Completed 200 OK in 218ms (Views: 214.7ms | ActiveRecord: 0.0ms)


Started GET "/assets/application.self-eded2a09a5ccdd721f8e5b63f441f61d27632ac2d91b55d3894491956b26f8b9.css?body=1" for 127.0.0.1 at 2020-03-27 14:22:18 -0700
Started GET "/assets/application.self-190d8f3a84a8686c606fb057cdcb01744138f334b77d90c7f60514a80dc7329b.css?body=1&livereload=1585344214717" for ::1 at 2020-03-27 14:23:34 -0700
Started GET "/assets/application.self-190d8f3a84a8686c606fb057cdcb01744138f334b77d90c7f60514a80dc7329b.css?body=1&livereload=1585344214722" for ::1 at 2020-03-27 14:23:34 -0700
Started GET "/" for 127.0.0.1 at 2020-03-27 14:23:36 -0700
Processing by StaticPagesController#index as HTML
  Rendering static_pages/index.html.erb within layouts/application
  Rendered shared/_main_nav.html.erb (0.3ms)
  Rendered shared/_masthead.html.erb (0.8ms)
  Rendered shared/_sections_nav.html.erb (0.3ms)
  Rendered shared/_search_modal.html.erb (0.3ms)
  Rendered shared/_main_content.html.erb (0.3ms)
  Rendered static_pages/index.html.erb within layouts/application (13.4ms)
Completed 200 OK in 55ms (Views: 51.0ms | ActiveRecord: 0.0ms)


Started GET "/assets/application.self-74e3e6a4927701501b7c6b641e08a2a851ad6052d192658fbdd515387399f0a7.css?body=1" for 127.0.0.1 at 2020-03-27 14:23:36 -0700
Started GET "/" for ::1 at 2020-03-27 14:23:37 -0700
Processing by StaticPagesController#index as HTML
  Rendering static_pages/index.html.erb within layouts/application
  Rendered shared/_main_nav.html.erb (1.9ms)
  Rendered shared/_masthead.html.erb (1.5ms)
  Rendered shared/_sections_nav.html.erb (0.4ms)
  Rendered shared/_search_modal.html.erb (0.5ms)
  Rendered shared/_main_content.html.erb (0.5ms)
  Rendered static_pages/index.html.erb within layouts/application (53.9ms)
Completed 200 OK in 113ms (Views: 107.4ms | ActiveRecord: 0.0ms)


Started GET "/assets/application.self-74e3e6a4927701501b7c6b641e08a2a851ad6052d192658fbdd515387399f0a7.css?body=1" for ::1 at 2020-03-27 14:23:37 -0700
Started GET "/assets/application.self-74e3e6a4927701501b7c6b641e08a2a851ad6052d192658fbdd515387399f0a7.css?body=1&livereload=1585344269910" for ::1 at 2020-03-27 14:24:29 -0700
Started GET "/assets/application.self-74e3e6a4927701501b7c6b641e08a2a851ad6052d192658fbdd515387399f0a7.css?body=1&livereload=1585344269915" for ::1 at 2020-03-27 14:24:29 -0700
Started GET "/assets/application.self-74e3e6a4927701501b7c6b641e08a2a851ad6052d192658fbdd515387399f0a7.css?body=1&livereload=1585344289764" for ::1 at 2020-03-27 14:24:49 -0700
Started GET "/assets/application.self-74e3e6a4927701501b7c6b641e08a2a851ad6052d192658fbdd515387399f0a7.css?body=1&livereload=1585344289768" for ::1 at 2020-03-27 14:24:49 -0700
Started GET "/assets/application.self-74e3e6a4927701501b7c6b641e08a2a851ad6052d192658fbdd515387399f0a7.css?body=1&livereload=1585344294574" for ::1 at 2020-03-27 14:24:54 -0700
Started GET "/assets/application.self-74e3e6a4927701501b7c6b641e08a2a851ad6052d192658fbdd515387399f0a7.css?body=1&livereload=1585344294576" for ::1 at 2020-03-27 14:24:54 -0700
Started GET "/" for ::1 at 2020-03-27 14:24:55 -0700
Processing by StaticPagesController#index as HTML
  Rendering static_pages/index.html.erb within layouts/application
  Rendered shared/_main_nav.html.erb (0.7ms)
  Rendered shared/_masthead.html.erb (0.5ms)
  Rendered shared/_sections_nav.html.erb (0.4ms)
  Rendered shared/_search_modal.html.erb (0.4ms)
  Rendered shared/_main_content.html.erb (0.4ms)
  Rendered static_pages/index.html.erb within layouts/application (68.2ms)
Completed 200 OK in 266ms (Views: 262.5ms | ActiveRecord: 0.0ms)


Started GET "/assets/application.self-aa8f0e03a7808940334b89c8e1e1a8fbecc27891fa6afb44d87edb2e6de688ca.css?body=1" for ::1 at 2020-03-27 14:24:56 -0700
Started GET "/" for 127.0.0.1 at 2020-03-27 14:25:03 -0700
Processing by StaticPagesController#index as HTML
  Rendering static_pages/index.html.erb within layouts/application
  Rendered shared/_main_nav.html.erb (0.2ms)
  Rendered shared/_masthead.html.erb (0.3ms)
  Rendered shared/_sections_nav.html.erb (0.4ms)
  Rendered shared/_search_modal.html.erb (0.3ms)
  Rendered shared/_main_content.html.erb (0.7ms)
  Rendered static_pages/index.html.erb within layouts/application (24.7ms)
Completed 200 OK in 60ms (Views: 57.2ms | ActiveRecord: 0.0ms)


Started GET "/assets/application.self-aa8f0e03a7808940334b89c8e1e1a8fbecc27891fa6afb44d87edb2e6de688ca.css?body=1" for 127.0.0.1 at 2020-03-27 14:25:03 -0700
Started GET "/assets/application.self-aa8f0e03a7808940334b89c8e1e1a8fbecc27891fa6afb44d87edb2e6de688ca.css?body=1&livereload=1585344304437" for ::1 at 2020-03-27 14:25:04 -0700
Started GET "/assets/application.self-aa8f0e03a7808940334b89c8e1e1a8fbecc27891fa6afb44d87edb2e6de688ca.css?body=1&livereload=1585344304450" for ::1 at 2020-03-27 14:25:04 -0700
Started GET "/" for 127.0.0.1 at 2020-03-27 14:25:06 -0700
Processing by StaticPagesController#index as HTML
  Rendering static_pages/index.html.erb within layouts/application
  Rendered shared/_main_nav.html.erb (0.3ms)
  Rendered shared/_masthead.html.erb (0.3ms)
  Rendered shared/_sections_nav.html.erb (0.3ms)
  Rendered shared/_search_modal.html.erb (0.2ms)
  Rendered shared/_main_content.html.erb (0.3ms)
  Rendered static_pages/index.html.erb within layouts/application (12.8ms)
Completed 200 OK in 62ms (Views: 59.4ms | ActiveRecord: 0.0ms)


Started GET "/assets/application.self-34677b5cd0d3651cf0db10003332ab0caad72ebfbf28a4b374f29de2110b631d.css?body=1" for 127.0.0.1 at 2020-03-27 14:25:06 -0700
Started GET "/assets/application.self-aa8f0e03a7808940334b89c8e1e1a8fbecc27891fa6afb44d87edb2e6de688ca.css?body=1&livereload=1585344311428" for ::1 at 2020-03-27 14:25:11 -0700
Started GET "/assets/application.self-aa8f0e03a7808940334b89c8e1e1a8fbecc27891fa6afb44d87edb2e6de688ca.css?body=1&livereload=1585344311432" for ::1 at 2020-03-27 14:25:11 -0700
Started GET "/" for 127.0.0.1 at 2020-03-27 14:25:13 -0700
Processing by StaticPagesController#index as HTML
  Rendering static_pages/index.html.erb within layouts/application
  Rendered shared/_main_nav.html.erb (0.4ms)
  Rendered shared/_masthead.html.erb (0.3ms)
  Rendered shared/_sections_nav.html.erb (0.7ms)
  Rendered shared/_search_modal.html.erb (0.2ms)
  Rendered shared/_main_content.html.erb (2.6ms)
  Rendered static_pages/index.html.erb within layouts/application (20.3ms)
Completed 200 OK in 75ms (Views: 72.8ms | ActiveRecord: 0.0ms)


Started GET "/assets/application.self-aa8f0e03a7808940334b89c8e1e1a8fbecc27891fa6afb44d87edb2e6de688ca.css?body=1&livereload=1585344318369" for ::1 at 2020-03-27 14:25:18 -0700
Started GET "/assets/application.self-aa8f0e03a7808940334b89c8e1e1a8fbecc27891fa6afb44d87edb2e6de688ca.css?body=1&livereload=1585344318371" for ::1 at 2020-03-27 14:25:18 -0700
Started GET "/" for 127.0.0.1 at 2020-03-27 14:25:19 -0700
Processing by StaticPagesController#index as HTML
  Rendering static_pages/index.html.erb within layouts/application
  Rendered shared/_main_nav.html.erb (0.7ms)
  Rendered shared/_masthead.html.erb (0.2ms)
  Rendered shared/_sections_nav.html.erb (0.3ms)
  Rendered shared/_search_modal.html.erb (0.2ms)
  Rendered shared/_main_content.html.erb (0.4ms)
  Rendered static_pages/index.html.erb within layouts/application (22.5ms)
Completed 200 OK in 58ms (Views: 53.9ms | ActiveRecord: 0.0ms)


Started GET "/assets/application.self-aa8f0e03a7808940334b89c8e1e1a8fbecc27891fa6afb44d87edb2e6de688ca.css?body=1&livereload=1585344367994" for ::1 at 2020-03-27 14:26:08 -0700
Started GET "/assets/application.self-aa8f0e03a7808940334b89c8e1e1a8fbecc27891fa6afb44d87edb2e6de688ca.css?body=1&livereload=1585344367996" for ::1 at 2020-03-27 14:26:08 -0700
Started GET "/" for 127.0.0.1 at 2020-03-27 14:26:08 -0700
Processing by StaticPagesController#index as HTML
  Rendering static_pages/index.html.erb within layouts/application
  Rendered shared/_main_nav.html.erb (6.1ms)
  Rendered shared/_masthead.html.erb (0.4ms)
  Rendered shared/_sections_nav.html.erb (0.3ms)
  Rendered shared/_search_modal.html.erb (0.5ms)
  Rendered shared/_main_content.html.erb (0.3ms)
  Rendered static_pages/index.html.erb within layouts/application (63.5ms)
Completed 200 OK in 312ms (Views: 306.3ms | ActiveRecord: 0.0ms)


Started GET "/assets/application.self-85ee98dd492550f00682dab2771f6a5381d2310c4b36fae8475fa09ef4f7e558.css?body=1" for 127.0.0.1 at 2020-03-27 14:26:09 -0700
Started GET "/" for 127.0.0.1 at 2020-03-27 14:26:28 -0700
Processing by StaticPagesController#index as HTML
  Rendering static_pages/index.html.erb within layouts/application
  Rendered shared/_main_nav.html.erb (0.3ms)
  Rendered shared/_masthead.html.erb (0.3ms)
  Rendered shared/_sections_nav.html.erb (0.3ms)
  Rendered shared/_search_modal.html.erb (0.3ms)
  Rendered shared/_main_content.html.erb (0.3ms)
  Rendered static_pages/index.html.erb within layouts/application (21.0ms)
Completed 200 OK in 212ms (Views: 209.8ms | ActiveRecord: 0.0ms)


Started GET "/assets/application.self-aa8f0e03a7808940334b89c8e1e1a8fbecc27891fa6afb44d87edb2e6de688ca.css?body=1&livereload=1585344389118" for ::1 at 2020-03-27 14:26:29 -0700
Started GET "/assets/application.self-aa8f0e03a7808940334b89c8e1e1a8fbecc27891fa6afb44d87edb2e6de688ca.css?body=1&livereload=1585344389120" for ::1 at 2020-03-27 14:26:29 -0700
Started GET "/assets/application.self-ec2764e88efc677526dc2a6f365e7c4542db4d1f3930f7d733f41daba8642ffb.css?body=1" for 127.0.0.1 at 2020-03-27 14:26:29 -0700
Started GET "/assets/application.self-aa8f0e03a7808940334b89c8e1e1a8fbecc27891fa6afb44d87edb2e6de688ca.css?body=1&livereload=1585344432733" for ::1 at 2020-03-27 14:27:12 -0700
Started GET "/assets/application.self-aa8f0e03a7808940334b89c8e1e1a8fbecc27891fa6afb44d87edb2e6de688ca.css?body=1&livereload=1585344432736" for ::1 at 2020-03-27 14:27:12 -0700
Started GET "/" for 127.0.0.1 at 2020-03-27 14:27:16 -0700
Processing by StaticPagesController#index as HTML
  Rendering static_pages/index.html.erb within layouts/application
  Rendered shared/_main_nav.html.erb (0.3ms)
  Rendered shared/_masthead.html.erb (0.2ms)
  Rendered shared/_sections_nav.html.erb (0.4ms)
  Rendered shared/_search_modal.html.erb (0.3ms)
  Rendered shared/_main_content.html.erb (0.2ms)
  Rendered static_pages/index.html.erb within layouts/application (13.7ms)
Completed 200 OK in 52ms (Views: 48.5ms | ActiveRecord: 0.0ms)


Started GET "/assets/application.self-3fb460dcc6be0093e818bf253d419aa1687495bc080cb97118ed3c3a5ede856a.css?body=1" for 127.0.0.1 at 2020-03-27 14:27:17 -0700
Started GET "/" for 127.0.0.1 at 2020-03-27 14:27:27 -0700
Processing by StaticPagesController#index as HTML
  Rendering static_pages/index.html.erb within layouts/application
  Rendered shared/_main_nav.html.erb (0.3ms)
  Rendered shared/_masthead.html.erb (0.8ms)
  Rendered shared/_sections_nav.html.erb (0.4ms)
  Rendered shared/_search_modal.html.erb (3.8ms)
  Rendered shared/_main_content.html.erb (0.3ms)
  Rendered static_pages/index.html.erb within layouts/application (28.7ms)
Completed 200 OK in 68ms (Views: 65.8ms | ActiveRecord: 0.0ms)


Started GET "/assets/application.self-aa8f0e03a7808940334b89c8e1e1a8fbecc27891fa6afb44d87edb2e6de688ca.css?body=1&livereload=1585344460086" for ::1 at 2020-03-27 14:27:40 -0700
Started GET "/assets/application.self-aa8f0e03a7808940334b89c8e1e1a8fbecc27891fa6afb44d87edb2e6de688ca.css?body=1&livereload=1585344460089" for ::1 at 2020-03-27 14:27:40 -0700
Started GET "/" for 127.0.0.1 at 2020-03-27 14:27:43 -0700
Processing by StaticPagesController#index as HTML
  Rendering static_pages/index.html.erb within layouts/application
  Rendered shared/_main_nav.html.erb (0.9ms)
  Rendered shared/_masthead.html.erb (0.5ms)
  Rendered shared/_sections_nav.html.erb (0.5ms)
  Rendered shared/_search_modal.html.erb (0.5ms)
  Rendered shared/_main_content.html.erb (0.4ms)
  Rendered static_pages/index.html.erb within layouts/application (91.1ms)
Completed 200 OK in 234ms (Views: 223.2ms | ActiveRecord: 0.0ms)


Started GET "/assets/application.self-50e6b31565fed19e669335b2d5fb0c89e98f107c019a85e5ade274bcb2ee5597.css?body=1" for 127.0.0.1 at 2020-03-27 14:27:44 -0700
Started GET "/assets/application.self-aa8f0e03a7808940334b89c8e1e1a8fbecc27891fa6afb44d87edb2e6de688ca.css?body=1&livereload=1585344467562" for ::1 at 2020-03-27 14:27:47 -0700
Started GET "/assets/application.self-aa8f0e03a7808940334b89c8e1e1a8fbecc27891fa6afb44d87edb2e6de688ca.css?body=1&livereload=1585344467566" for ::1 at 2020-03-27 14:27:47 -0700
Started GET "/" for 127.0.0.1 at 2020-03-27 14:27:49 -0700
Processing by StaticPagesController#index as HTML
  Rendering static_pages/index.html.erb within layouts/application
  Rendered shared/_main_nav.html.erb (0.3ms)
  Rendered shared/_masthead.html.erb (0.4ms)
  Rendered shared/_sections_nav.html.erb (0.4ms)
  Rendered shared/_search_modal.html.erb (0.3ms)
  Rendered shared/_main_content.html.erb (0.4ms)
  Rendered static_pages/index.html.erb within layouts/application (21.7ms)
Completed 200 OK in 73ms (Views: 71.0ms | ActiveRecord: 0.0ms)


Started GET "/assets/application.self-2943c2ab524704c4906f66dd79366ac7954dd5d0f4e8f0d841b81376e020eb8c.css?body=1" for 127.0.0.1 at 2020-03-27 14:27:49 -0700
Started GET "/assets/application.self-aa8f0e03a7808940334b89c8e1e1a8fbecc27891fa6afb44d87edb2e6de688ca.css?body=1&livereload=1585344475902" for ::1 at 2020-03-27 14:27:55 -0700
Started GET "/assets/application.self-aa8f0e03a7808940334b89c8e1e1a8fbecc27891fa6afb44d87edb2e6de688ca.css?body=1&livereload=1585344475905" for ::1 at 2020-03-27 14:27:55 -0700
Started GET "/assets/application.self-aa8f0e03a7808940334b89c8e1e1a8fbecc27891fa6afb44d87edb2e6de688ca.css?body=1&livereload=1585344483512" for ::1 at 2020-03-27 14:28:03 -0700
Started GET "/assets/application.self-aa8f0e03a7808940334b89c8e1e1a8fbecc27891fa6afb44d87edb2e6de688ca.css?body=1&livereload=1585344483520" for ::1 at 2020-03-27 14:28:03 -0700
